-- Found ament_cmake: 2.5.6 (/opt/ros/jazzy/share/ament_cmake/cmake)
-- Found rclpy: 7.1.11 (/opt/ros/jazzy/share/rclpy/cmake)
-- Found geometry_msgs: 5.3.7 (/opt/ros/jazzy/share/geometry_msgs/cmake)
-- Found rosidl_generator_c: 4.6.7 (/opt/ros/jazzy/share/rosidl_generator_c/cmake)
-- Found rosidl_generator_cpp: 4.6.7 (/opt/ros/jazzy/share/rosidl_generator_cpp/cmake)
-- Using all available rosidl_typesupport_c: rosidl_typesupport_fastrtps_c;rosidl_typesupport_introspection_c
-- Using all available rosidl_typesupport_cpp: rosidl_typesupport_fastrtps_cpp;rosidl_typesupport_introspection_cpp
-- Found trajectory_msgs: 5.3.7 (/opt/ros/jazzy/share/trajectory_msgs/cmake)
-- Found control_msgs: 5.9.0 (/opt/ros/jazzy/share/control_msgs/cmake)
-- Found moveit_msgs: 2.6.0 (/opt/ros/jazzy/share/moveit_msgs/cmake)
-- Found tf2_ros: 0.36.20 (/opt/ros/jazzy/share/tf2_ros/cmake)
-- Found rmw_implementation_cmake: 7.3.3 (/opt/ros/jazzy/share/rmw_implementation_cmake/cmake)
-- Found rmw_fastrtps_cpp: 8.4.3 (/opt/ros/jazzy/share/rmw_fastrtps_cpp/cmake)
-- Found OpenSSL: /usr/lib/x86_64-linux-gnu/libcrypto.so (found version "3.0.13")  
-- Found FastRTPS: /opt/ros/jazzy/include (Required is at least version "2.13") 
-- Using RMW implementation 'rmw_fastrtps_cpp' as default
-- Found ament_lint_auto: 0.17.5 (/opt/ros/jazzy/share/ament_lint_auto/cmake)
-- Added test 'flake8' to check Python code syntax and style conventions
-- Configured 'flake8' exclude dirs and/or files: 
-- Added test 'lint_cmake' to check CMake code style
-- Added test 'pep257' to check Python code against some of the docstring style conventions in PEP 257
-- Added test 'xmllint' to check XML markup files
-- Configuring done (0.7s)
-- Generating done (0.0s)
-- Build files have been written to: /home/botforgelabs2/Desktop/QuestEgo/build/openarm_bringup
Built target ament_cmake_python_copy_openarm_bringup
running egg_info
creating openarm_bringup.egg-info
writing openarm_bringup.egg-info/PKG-INFO
writing dependency_links to openarm_bringup.egg-info/dependency_links.txt
writing top-level names to openarm_bringup.egg-info/top_level.txt
writing manifest file 'openarm_bringup.egg-info/SOURCES.txt'
reading manifest file 'openarm_bringup.egg-info/SOURCES.txt'
writing manifest file 'openarm_bringup.egg-info/SOURCES.txt'
Built target ament_cmake_python_build_openarm_bringup_egg
-- Install configuration: "Release"
-- Installing: /home/botforgelabs2/Desktop/QuestEgo/install/openarm_bringup/share/openarm_bringup/environment/pythonpath.sh
-- Installing: /home/botforgelabs2/Desktop/QuestEgo/install/openarm_bringup/share/openarm_bringup/environment/pythonpath.dsv
-- Installing: /home/botforgelabs2/Desktop/QuestEgo/install/openarm_bringup/lib/python3.12/site-packages/openarm_bringup-1.0.0-py3.12.egg-info
-- Installing: /home/botforgelabs2/Desktop/QuestEgo/install/openarm_bringup/lib/python3.12/site-packages/openarm_bringup-1.0.0-py3.12.egg-info/SOURCES.txt
-- Installing: /home/botforgelabs2/Desktop/QuestEgo/install/openarm_bringup/lib/python3.12/site-packages/openarm_bringup-1.0.0-py3.12.egg-info/PKG-INFO
-- Installing: /home/botforgelabs2/Desktop/QuestEgo/install/openarm_bringup/lib/python3.12/site-packages/openarm_bringup-1.0.0-py3.12.egg-info/dependency_links.txt
-- Installing: /home/botforgelabs2/Desktop/QuestEgo/install/openarm_bringup/lib/python3.12/site-packages/openarm_bringup-1.0.0-py3.12.egg-info/top_level.txt
-- Installing: /home/botforgelabs2/Desktop/QuestEgo/install/openarm_bringup/lib/python3.12/site-packages/openarm_bringup
-- Installing: /home/botforgelabs2/Desktop/QuestEgo/install/openarm_bringup/lib/python3.12/site-packages/openarm_bringup/__init__.py
Listing '/home/botforgelabs2/Desktop/QuestEgo/install/openarm_bringup/lib/python3.12/site-packages/openarm_bringup'...
Compiling '/home/botforgelabs2/Desktop/QuestEgo/install/openarm_bringup/lib/python3.12/site-packages/openarm_bringup/__init__.py'...
-- Installing: /home/botforgelabs2/Desktop/QuestEgo/install/openarm_bringup/lib/openarm_bringup/hand_pose_to_moveit.py
-- Installing: /home/botforgelabs2/Desktop/QuestEgo/install/openarm_bringup/lib/openarm_bringup/ik_controller.py
-- Installing: /home/botforgelabs2/Desktop/QuestEgo/install/openarm_bringup/lib/openarm_bringup/joint_state_recorder.py
-- Installing: /home/botforgelabs2/Desktop/QuestEgo/install/openarm_bringup/lib/openarm_bringup/batch_record.py
-- Up-to-date: /home/botforgelabs2/Desktop/QuestEgo/install/openarm_bringup/share/openarm_bringup/launch
-- Up-to-date: /home/botforgelabs2/Desktop/QuestEgo/install/openarm_bringup/share/openarm_bringup/launch/openarm.bimanual.launch.py
-- Installing: /home/botforgelabs2/Desktop/QuestEgo/install/openarm_bringup/share/openarm_bringup/launch/record_take.launch.py
-- Up-to-date: /home/botforgelabs2/Desktop/QuestEgo/install/openarm_bringup/share/openarm_bringup/config
-- Up-to-date: /home/botforgelabs2/Desktop/QuestEgo/install/openarm_bringup/share/openarm_bringup/config/controllers
-- Up-to-date: /home/botforgelabs2/Desktop/QuestEgo/install/openarm_bringup/share/openarm_bringup/config/controllers/openarm_bimanual_controllers.yaml
-- Up-to-date: /home/botforgelabs2/Desktop/QuestEgo/install/openarm_bringup/share/openarm_bringup/config/controllers/openarm_bimanual_moveit_controllers.yaml
-- Installing: /home/botforgelabs2/Desktop/QuestEgo/install/openarm_bringup/share/openarm_bringup/config/calibration.yaml
-- Installing: /home/botforgelabs2/Desktop/QuestEgo/install/openarm_bringup/share/openarm_bringup/rviz
-- Installing: /home/botforgelabs2/Desktop/QuestEgo/install/openarm_bringup/share/openarm_bringup/rviz/bimanual.rviz
-- Installing: /home/botforgelabs2/Desktop/QuestEgo/install/openarm_bringup/share/ament_index/resource_index/package_run_dependencies/openarm_bringup
-- Up-to-date: /home/botforgelabs2/Desktop/QuestEgo/install/openarm_bringup/share/ament_index/resource_index/parent_prefix_path/openarm_bringup
-- Up-to-date: /home/botforgelabs2/Desktop/QuestEgo/install/openarm_bringup/share/openarm_bringup/environment/ament_prefix_path.sh
-- Up-to-date: /home/botforgelabs2/Desktop/QuestEgo/install/openarm_bringup/share/openarm_bringup/environment/ament_prefix_path.dsv
-- Up-to-date: /home/botforgelabs2/Desktop/QuestEgo/install/openarm_bringup/share/openarm_bringup/environment/path.sh
-- Up-to-date: /home/botforgelabs2/Desktop/QuestEgo/install/openarm_bringup/share/openarm_bringup/environment/path.dsv
-- Up-to-date: /home/botforgelabs2/Desktop/QuestEgo/install/openarm_bringup/share/openarm_bringup/local_setup.bash
-- Installing: /home/botforgelabs2/Desktop/QuestEgo/install/openarm_bringup/share/openarm_bringup/local_setup.sh
-- Up-to-date: /home/botforgelabs2/Desktop/QuestEgo/install/openarm_bringup/share/openarm_bringup/local_setup.zsh
-- Installing: /home/botforgelabs2/Desktop/QuestEgo/install/openarm_bringup/share/openarm_bringup/local_setup.dsv
-- Up-to-date: /home/botforgelabs2/Desktop/QuestEgo/install/openarm_bringup/share/openarm_bringup/package.dsv
-- Up-to-date: /home/botforgelabs2/Desktop/QuestEgo/install/openarm_bringup/share/ament_index/resource_index/packages/openarm_bringup
-- Up-to-date: /home/botforgelabs2/Desktop/QuestEgo/install/openarm_bringup/share/openarm_bringup/cmake/openarm_bringupConfig.cmake
-- Up-to-date: /home/botforgelabs2/Desktop/QuestEgo/install/openarm_bringup/share/openarm_bringup/cmake/openarm_bringupConfig-version.cmake
-- Installing: /home/botforgelabs2/Desktop/QuestEgo/install/openarm_bringup/share/openarm_bringup/package.xml
