[0.007s] Invoking command in '/home/botforgelabs2/Desktop/QuestEgo/build/openarm_bringup': AMENT_PREFIX_PATH=/home/botforgelabs2/Desktop/QuestEgo/install/openarm_bimanual_moveit_config:/home/botforgelabs2/Desktop/QuestEgo/install/openarm_description:${AMENT_PREFIX_PATH} CMAKE_PREFIX_PATH=/home/botforgelabs2/Desktop/QuestEgo/install/openarm_bimanual_moveit_config:/home/botforgelabs2/Desktop/QuestEgo/install/openarm_description:/opt/ros/jazzy/opt/gz_sim_vendor:/opt/ros/jazzy/opt/gz_sensors_vendor:/opt/ros/jazzy/opt/gz_physics_vendor:/opt/ros/jazzy/opt/sdformat_vendor:/opt/ros/jazzy/opt/gz_gui_vendor:/opt/ros/jazzy/opt/gz_transport_vendor:/opt/ros/jazzy/opt/gz_rendering_vendor:/opt/ros/jazzy/opt/gz_plugin_vendor:/opt/ros/jazzy/opt/gz_fuel_tools_vendor:/opt/ros/jazzy/opt/gz_msgs_vendor:/opt/ros/jazzy/opt/gz_common_vendor:/opt/ros/jazzy/opt/gz_math_vendor:/opt/ros/jazzy/opt/gz_utils_vendor:/opt/ros/jazzy/opt/gz_tools_vendor:/opt/ros/jazzy/opt/gz_ogre_next_vendor:/opt/ros/jazzy/opt/gz_dartsim_vendor:/opt/ros/jazzy/opt/gz_cmake_vendor:/opt/ros/jazzy DEBUGINFOD_URLS=https://debuginfod.ubuntu.com /usr/local/bin/cmake /home/botforgelabs2/Desktop/QuestEgo/src/openarm_bringup -DCMAKE_BUILD_TYPE=Release -DCMAKE_INSTALL_PREFIX=/home/botforgelabs2/Desktop/QuestEgo/install/openarm_bringup
[0.012s] -- Found ament_cmake: 2.5.6 (/opt/ros/jazzy/share/ament_cmake/cmake)
[0.078s] -- Found rclpy: 7.1.11 (/opt/ros/jazzy/share/rclpy/cmake)
[0.080s] -- Found geometry_msgs: 5.3.7 (/opt/ros/jazzy/share/geometry_msgs/cmake)
[0.117s] -- Found rosidl_generator_c: 4.6.7 (/opt/ros/jazzy/share/rosidl_generator_c/cmake)
[0.128s] -- Found rosidl_generator_cpp: 4.6.7 (/opt/ros/jazzy/share/rosidl_generator_cpp/cmake)
[0.142s] -- Using all available rosidl_typesupport_c: rosidl_typesupport_fastrtps_c;rosidl_typesupport_introspection_c
[0.156s] -- Using all available rosidl_typesupport_cpp: rosidl_typesupport_fastrtps_cpp;rosidl_typesupport_introspection_cpp
[0.190s] -- Found trajectory_msgs: 5.3.7 (/opt/ros/jazzy/share/trajectory_msgs/cmake)
[0.205s] -- Found control_msgs: 5.9.0 (/opt/ros/jazzy/share/control_msgs/cmake)
[0.281s] -- Found moveit_msgs: 2.6.0 (/opt/ros/jazzy/share/moveit_msgs/cmake)
[0.376s] -- Found tf2_ros: 0.36.20 (/opt/ros/jazzy/share/tf2_ros/cmake)
[0.445s] -- Found rmw_implementation_cmake: 7.3.3 (/opt/ros/jazzy/share/rmw_implementation_cmake/cmake)
[0.448s] -- Found rmw_fastrtps_cpp: 8.4.3 (/opt/ros/jazzy/share/rmw_fastrtps_cpp/cmake)
[0.512s] -- Found OpenSSL: /usr/lib/x86_64-linux-gnu/libcrypto.so (found version "3.0.13")  
[0.529s] -- Found FastRTPS: /opt/ros/jazzy/include (Required is at least version "2.13") 
[0.543s] -- Using RMW implementation 'rmw_fastrtps_cpp' as default
[0.632s] -- Found ament_lint_auto: 0.17.5 (/opt/ros/jazzy/share/ament_lint_auto/cmake)
[0.707s] -- Added test 'flake8' to check Python code syntax and style conventions
[0.707s] -- Configured 'flake8' exclude dirs and/or files: 
[0.707s] -- Added test 'lint_cmake' to check CMake code style
[0.707s] -- Added test 'pep257' to check Python code against some of the docstring style conventions in PEP 257
[0.708s] -- Added test 'xmllint' to check XML markup files
[0.708s] -- Configuring done (0.7s)
[0.711s] -- Generating done (0.0s)
[0.713s] -- Build files have been written to: /home/botforgelabs2/Desktop/QuestEgo/build/openarm_bringup
[0.717s] Invoked command in '/home/botforgelabs2/Desktop/QuestEgo/build/openarm_bringup' returned '0': AMENT_PREFIX_PATH=/home/botforgelabs2/Desktop/QuestEgo/install/openarm_bimanual_moveit_config:/home/botforgelabs2/Desktop/QuestEgo/install/openarm_description:${AMENT_PREFIX_PATH} CMAKE_PREFIX_PATH=/home/botforgelabs2/Desktop/QuestEgo/install/openarm_bimanual_moveit_config:/home/botforgelabs2/Desktop/QuestEgo/install/openarm_description:/opt/ros/jazzy/opt/gz_sim_vendor:/opt/ros/jazzy/opt/gz_sensors_vendor:/opt/ros/jazzy/opt/gz_physics_vendor:/opt/ros/jazzy/opt/sdformat_vendor:/opt/ros/jazzy/opt/gz_gui_vendor:/opt/ros/jazzy/opt/gz_transport_vendor:/opt/ros/jazzy/opt/gz_rendering_vendor:/opt/ros/jazzy/opt/gz_plugin_vendor:/opt/ros/jazzy/opt/gz_fuel_tools_vendor:/opt/ros/jazzy/opt/gz_msgs_vendor:/opt/ros/jazzy/opt/gz_common_vendor:/opt/ros/jazzy/opt/gz_math_vendor:/opt/ros/jazzy/opt/gz_utils_vendor:/opt/ros/jazzy/opt/gz_tools_vendor:/opt/ros/jazzy/opt/gz_ogre_next_vendor:/opt/ros/jazzy/opt/gz_dartsim_vendor:/opt/ros/jazzy/opt/gz_cmake_vendor:/opt/ros/jazzy DEBUGINFOD_URLS=https://debuginfod.ubuntu.com /usr/local/bin/cmake /home/botforgelabs2/Desktop/QuestEgo/src/openarm_bringup -DCMAKE_BUILD_TYPE=Release -DCMAKE_INSTALL_PREFIX=/home/botforgelabs2/Desktop/QuestEgo/install/openarm_bringup
[0.718s] Invoking command in '/home/botforgelabs2/Desktop/QuestEgo/build/openarm_bringup': AMENT_PREFIX_PATH=/home/botforgelabs2/Desktop/QuestEgo/install/openarm_bimanual_moveit_config:/home/botforgelabs2/Desktop/QuestEgo/install/openarm_description:${AMENT_PREFIX_PATH} CMAKE_PREFIX_PATH=/home/botforgelabs2/Desktop/QuestEgo/install/openarm_bimanual_moveit_config:/home/botforgelabs2/Desktop/QuestEgo/install/openarm_description:/opt/ros/jazzy/opt/gz_sim_vendor:/opt/ros/jazzy/opt/gz_sensors_vendor:/opt/ros/jazzy/opt/gz_physics_vendor:/opt/ros/jazzy/opt/sdformat_vendor:/opt/ros/jazzy/opt/gz_gui_vendor:/opt/ros/jazzy/opt/gz_transport_vendor:/opt/ros/jazzy/opt/gz_rendering_vendor:/opt/ros/jazzy/opt/gz_plugin_vendor:/opt/ros/jazzy/opt/gz_fuel_tools_vendor:/opt/ros/jazzy/opt/gz_msgs_vendor:/opt/ros/jazzy/opt/gz_common_vendor:/opt/ros/jazzy/opt/gz_math_vendor:/opt/ros/jazzy/opt/gz_utils_vendor:/opt/ros/jazzy/opt/gz_tools_vendor:/opt/ros/jazzy/opt/gz_ogre_next_vendor:/opt/ros/jazzy/opt/gz_dartsim_vendor:/opt/ros/jazzy/opt/gz_cmake_vendor:/opt/ros/jazzy DEBUGINFOD_URLS=https://debuginfod.ubuntu.com /usr/local/bin/cmake --build /home/botforgelabs2/Desktop/QuestEgo/build/openarm_bringup -- -j28 -l28
[0.733s] Built target ament_cmake_python_copy_openarm_bringup
[0.845s] running egg_info
[0.845s] creating openarm_bringup.egg-info
[0.855s] writing openarm_bringup.egg-info/PKG-INFO
[0.855s] writing dependency_links to openarm_bringup.egg-info/dependency_links.txt
[0.855s] writing top-level names to openarm_bringup.egg-info/top_level.txt
[0.855s] writing manifest file 'openarm_bringup.egg-info/SOURCES.txt'
[0.883s] reading manifest file 'openarm_bringup.egg-info/SOURCES.txt'
[0.884s] writing manifest file 'openarm_bringup.egg-info/SOURCES.txt'
[0.898s] Built target ament_cmake_python_build_openarm_bringup_egg
[0.900s] Invoked command in '/home/botforgelabs2/Desktop/QuestEgo/build/openarm_bringup' returned '0': AMENT_PREFIX_PATH=/home/botforgelabs2/Desktop/QuestEgo/install/openarm_bimanual_moveit_config:/home/botforgelabs2/Desktop/QuestEgo/install/openarm_description:${AMENT_PREFIX_PATH} CMAKE_PREFIX_PATH=/home/botforgelabs2/Desktop/QuestEgo/install/openarm_bimanual_moveit_config:/home/botforgelabs2/Desktop/QuestEgo/install/openarm_description:/opt/ros/jazzy/opt/gz_sim_vendor:/opt/ros/jazzy/opt/gz_sensors_vendor:/opt/ros/jazzy/opt/gz_physics_vendor:/opt/ros/jazzy/opt/sdformat_vendor:/opt/ros/jazzy/opt/gz_gui_vendor:/opt/ros/jazzy/opt/gz_transport_vendor:/opt/ros/jazzy/opt/gz_rendering_vendor:/opt/ros/jazzy/opt/gz_plugin_vendor:/opt/ros/jazzy/opt/gz_fuel_tools_vendor:/opt/ros/jazzy/opt/gz_msgs_vendor:/opt/ros/jazzy/opt/gz_common_vendor:/opt/ros/jazzy/opt/gz_math_vendor:/opt/ros/jazzy/opt/gz_utils_vendor:/opt/ros/jazzy/opt/gz_tools_vendor:/opt/ros/jazzy/opt/gz_ogre_next_vendor:/opt/ros/jazzy/opt/gz_dartsim_vendor:/opt/ros/jazzy/opt/gz_cmake_vendor:/opt/ros/jazzy DEBUGINFOD_URLS=https://debuginfod.ubuntu.com /usr/local/bin/cmake --build /home/botforgelabs2/Desktop/QuestEgo/build/openarm_bringup -- -j28 -l28
[0.903s] Invoking command in '/home/botforgelabs2/Desktop/QuestEgo/build/openarm_bringup': AMENT_PREFIX_PATH=/home/botforgelabs2/Desktop/QuestEgo/install/openarm_bimanual_moveit_config:/home/botforgelabs2/Desktop/QuestEgo/install/openarm_description:${AMENT_PREFIX_PATH} CMAKE_PREFIX_PATH=/home/botforgelabs2/Desktop/QuestEgo/install/openarm_bimanual_moveit_config:/home/botforgelabs2/Desktop/QuestEgo/install/openarm_description:/opt/ros/jazzy/opt/gz_sim_vendor:/opt/ros/jazzy/opt/gz_sensors_vendor:/opt/ros/jazzy/opt/gz_physics_vendor:/opt/ros/jazzy/opt/sdformat_vendor:/opt/ros/jazzy/opt/gz_gui_vendor:/opt/ros/jazzy/opt/gz_transport_vendor:/opt/ros/jazzy/opt/gz_rendering_vendor:/opt/ros/jazzy/opt/gz_plugin_vendor:/opt/ros/jazzy/opt/gz_fuel_tools_vendor:/opt/ros/jazzy/opt/gz_msgs_vendor:/opt/ros/jazzy/opt/gz_common_vendor:/opt/ros/jazzy/opt/gz_math_vendor:/opt/ros/jazzy/opt/gz_utils_vendor:/opt/ros/jazzy/opt/gz_tools_vendor:/opt/ros/jazzy/opt/gz_ogre_next_vendor:/opt/ros/jazzy/opt/gz_dartsim_vendor:/opt/ros/jazzy/opt/gz_cmake_vendor:/opt/ros/jazzy DEBUGINFOD_URLS=https://debuginfod.ubuntu.com /usr/local/bin/cmake --install /home/botforgelabs2/Desktop/QuestEgo/build/openarm_bringup
[0.905s] -- Install configuration: "Release"
[0.905s] -- Installing: /home/botforgelabs2/Desktop/QuestEgo/install/openarm_bringup/share/openarm_bringup/environment/pythonpath.sh
[0.905s] -- Installing: /home/botforgelabs2/Desktop/QuestEgo/install/openarm_bringup/share/openarm_bringup/environment/pythonpath.dsv
[0.905s] -- Installing: /home/botforgelabs2/Desktop/QuestEgo/install/openarm_bringup/lib/python3.12/site-packages/openarm_bringup-1.0.0-py3.12.egg-info
[0.905s] -- Installing: /home/botforgelabs2/Desktop/QuestEgo/install/openarm_bringup/lib/python3.12/site-packages/openarm_bringup-1.0.0-py3.12.egg-info/SOURCES.txt
[0.905s] -- Installing: /home/botforgelabs2/Desktop/QuestEgo/install/openarm_bringup/lib/python3.12/site-packages/openarm_bringup-1.0.0-py3.12.egg-info/PKG-INFO
[0.905s] -- Installing: /home/botforgelabs2/Desktop/QuestEgo/install/openarm_bringup/lib/python3.12/site-packages/openarm_bringup-1.0.0-py3.12.egg-info/dependency_links.txt
[0.905s] -- Installing: /home/botforgelabs2/Desktop/QuestEgo/install/openarm_bringup/lib/python3.12/site-packages/openarm_bringup-1.0.0-py3.12.egg-info/top_level.txt
[0.905s] -- Installing: /home/botforgelabs2/Desktop/QuestEgo/install/openarm_bringup/lib/python3.12/site-packages/openarm_bringup
[0.905s] -- Installing: /home/botforgelabs2/Desktop/QuestEgo/install/openarm_bringup/lib/python3.12/site-packages/openarm_bringup/__init__.py
[0.925s] Listing '/home/botforgelabs2/Desktop/QuestEgo/install/openarm_bringup/lib/python3.12/site-packages/openarm_bringup'...
[0.925s] Compiling '/home/botforgelabs2/Desktop/QuestEgo/install/openarm_bringup/lib/python3.12/site-packages/openarm_bringup/__init__.py'...
[0.928s] -- Installing: /home/botforgelabs2/Desktop/QuestEgo/install/openarm_bringup/lib/openarm_bringup/hand_pose_to_moveit.py
[0.928s] -- Installing: /home/botforgelabs2/Desktop/QuestEgo/install/openarm_bringup/lib/openarm_bringup/ik_controller.py
[0.928s] -- Installing: /home/botforgelabs2/Desktop/QuestEgo/install/openarm_bringup/lib/openarm_bringup/joint_state_recorder.py
[0.928s] -- Installing: /home/botforgelabs2/Desktop/QuestEgo/install/openarm_bringup/lib/openarm_bringup/batch_record.py
[0.928s] -- Up-to-date: /home/botforgelabs2/Desktop/QuestEgo/install/openarm_bringup/share/openarm_bringup/launch
[0.928s] -- Up-to-date: /home/botforgelabs2/Desktop/QuestEgo/install/openarm_bringup/share/openarm_bringup/launch/openarm.bimanual.launch.py
[0.929s] -- Installing: /home/botforgelabs2/Desktop/QuestEgo/install/openarm_bringup/share/openarm_bringup/launch/record_take.launch.py
[0.929s] -- Up-to-date: /home/botforgelabs2/Desktop/QuestEgo/install/openarm_bringup/share/openarm_bringup/config
[0.929s] -- Up-to-date: /home/botforgelabs2/Desktop/QuestEgo/install/openarm_bringup/share/openarm_bringup/config/controllers
[0.929s] -- Up-to-date: /home/botforgelabs2/Desktop/QuestEgo/install/openarm_bringup/share/openarm_bringup/config/controllers/openarm_bimanual_controllers.yaml
[0.929s] -- Up-to-date: /home/botforgelabs2/Desktop/QuestEgo/install/openarm_bringup/share/openarm_bringup/config/controllers/openarm_bimanual_moveit_controllers.yaml
[0.929s] -- Installing: /home/botforgelabs2/Desktop/QuestEgo/install/openarm_bringup/share/openarm_bringup/config/calibration.yaml
[0.929s] -- Installing: /home/botforgelabs2/Desktop/QuestEgo/install/openarm_bringup/share/openarm_bringup/rviz
[0.929s] -- Installing: /home/botforgelabs2/Desktop/QuestEgo/install/openarm_bringup/share/openarm_bringup/rviz/bimanual.rviz
[0.929s] -- Installing: /home/botforgelabs2/Desktop/QuestEgo/install/openarm_bringup/share/ament_index/resource_index/package_run_dependencies/openarm_bringup
[0.929s] -- Up-to-date: /home/botforgelabs2/Desktop/QuestEgo/install/openarm_bringup/share/ament_index/resource_index/parent_prefix_path/openarm_bringup
[0.929s] -- Up-to-date: /home/botforgelabs2/Desktop/QuestEgo/install/openarm_bringup/share/openarm_bringup/environment/ament_prefix_path.sh
[0.929s] -- Up-to-date: /home/botforgelabs2/Desktop/QuestEgo/install/openarm_bringup/share/openarm_bringup/environment/ament_prefix_path.dsv
[0.929s] -- Up-to-date: /home/botforgelabs2/Desktop/QuestEgo/install/openarm_bringup/share/openarm_bringup/environment/path.sh
[0.929s] -- Up-to-date: /home/botforgelabs2/Desktop/QuestEgo/install/openarm_bringup/share/openarm_bringup/environment/path.dsv
[0.929s] -- Up-to-date: /home/botforgelabs2/Desktop/QuestEgo/install/openarm_bringup/share/openarm_bringup/local_setup.bash
[0.929s] -- Installing: /home/botforgelabs2/Desktop/QuestEgo/install/openarm_bringup/share/openarm_bringup/local_setup.sh
[0.929s] -- Up-to-date: /home/botforgelabs2/Desktop/QuestEgo/install/openarm_bringup/share/openarm_bringup/local_setup.zsh
[0.929s] -- Installing: /home/botforgelabs2/Desktop/QuestEgo/install/openarm_bringup/share/openarm_bringup/local_setup.dsv
[0.929s] -- Up-to-date: /home/botforgelabs2/Desktop/QuestEgo/install/openarm_bringup/share/openarm_bringup/package.dsv
[0.929s] -- Up-to-date: /home/botforgelabs2/Desktop/QuestEgo/install/openarm_bringup/share/ament_index/resource_index/packages/openarm_bringup
[0.929s] -- Up-to-date: /home/botforgelabs2/Desktop/QuestEgo/install/openarm_bringup/share/openarm_bringup/cmake/openarm_bringupConfig.cmake
[0.929s] -- Up-to-date: /home/botforgelabs2/Desktop/QuestEgo/install/openarm_bringup/share/openarm_bringup/cmake/openarm_bringupConfig-version.cmake
[0.929s] -- Installing: /home/botforgelabs2/Desktop/QuestEgo/install/openarm_bringup/share/openarm_bringup/package.xml
[0.930s] Invoked command in '/home/botforgelabs2/Desktop/QuestEgo/build/openarm_bringup' returned '0': AMENT_PREFIX_PATH=/home/botforgelabs2/Desktop/QuestEgo/install/openarm_bimanual_moveit_config:/home/botforgelabs2/Desktop/QuestEgo/install/openarm_description:${AMENT_PREFIX_PATH} CMAKE_PREFIX_PATH=/home/botforgelabs2/Desktop/QuestEgo/install/openarm_bimanual_moveit_config:/home/botforgelabs2/Desktop/QuestEgo/install/openarm_description:/opt/ros/jazzy/opt/gz_sim_vendor:/opt/ros/jazzy/opt/gz_sensors_vendor:/opt/ros/jazzy/opt/gz_physics_vendor:/opt/ros/jazzy/opt/sdformat_vendor:/opt/ros/jazzy/opt/gz_gui_vendor:/opt/ros/jazzy/opt/gz_transport_vendor:/opt/ros/jazzy/opt/gz_rendering_vendor:/opt/ros/jazzy/opt/gz_plugin_vendor:/opt/ros/jazzy/opt/gz_fuel_tools_vendor:/opt/ros/jazzy/opt/gz_msgs_vendor:/opt/ros/jazzy/opt/gz_common_vendor:/opt/ros/jazzy/opt/gz_math_vendor:/opt/ros/jazzy/opt/gz_utils_vendor:/opt/ros/jazzy/opt/gz_tools_vendor:/opt/ros/jazzy/opt/gz_ogre_next_vendor:/opt/ros/jazzy/opt/gz_dartsim_vendor:/opt/ros/jazzy/opt/gz_cmake_vendor:/opt/ros/jazzy DEBUGINFOD_URLS=https://debuginfod.ubuntu.com /usr/local/bin/cmake --install /home/botforgelabs2/Desktop/QuestEgo/build/openarm_bringup
