[0.053s] DEBUG:colcon:Command line arguments: ['/usr/bin/colcon', 'build', '--packages-select', 'openarm_bringup', '--cmake-args', '-DCMAKE_BUILD_TYPE=Release']
[0.053s] DEBUG:colcon:Parsed command line arguments: Namespace(log_base=None, log_level=None, verb_name='build', build_base='build', install_base='install', merge_install=False, symlink_install=False, test_result_base=None, continue_on_error=False, executor='parallel', parallel_workers=28, event_handlers=None, ignore_user_meta=False, metas=['./colcon.meta'], base_paths=['.'], packages_ignore=None, packages_ignore_regex=None, paths=None, packages_up_to=None, packages_up_to_regex=None, packages_above=None, packages_above_and_dependencies=None, packages_above_depth=None, packages_select_by_dep=None, packages_skip_by_dep=None, packages_skip_up_to=None, packages_select_build_failed=False, packages_skip_build_finished=False, packages_select_test_failures=False, packages_skip_test_passed=False, packages_select=['openarm_bringup'], packages_skip=None, packages_select_regex=None, packages_skip_regex=None, packages_start=None, packages_end=None, allow_overriding=[], cmake_args=['-DCMAKE_BUILD_TYPE=Release'], cmake_target=None, cmake_target_skip_unavailable=False, cmake_clean_cache=False, cmake_clean_first=False, cmake_force_configure=False, ament_cmake_args=None, catkin_cmake_args=None, catkin_skip_building_tests=False, mixin_files=None, mixin=None, verb_parser=<colcon_mixin.mixin.mixin_argument.MixinArgumentDecorator object at 0x7777a493a990>, verb_extension=<colcon_core.verb.build.BuildVerb object at 0x7777a48f64e0>, main=<bound method BuildVerb.main of <colcon_core.verb.build.BuildVerb object at 0x7777a48f64e0>>, mixin_verb=('build',))
[0.072s] Level 1:colcon.colcon_core.package_discovery:discover_packages(colcon_meta) check parameters
[0.072s] Level 1:colcon.colcon_core.package_discovery:discover_packages(recursive) check parameters
[0.072s] Level 1:colcon.colcon_core.package_discovery:discover_packages(ignore) check parameters
[0.072s] Level 1:colcon.colcon_core.package_discovery:discover_packages(path) check parameters
[0.072s] Level 1:colcon.colcon_core.package_discovery:discover_packages(colcon_meta) discover
[0.072s] Level 1:colcon.colcon_core.package_discovery:discover_packages(recursive) discover
[0.072s] INFO:colcon.colcon_core.package_discovery:Crawling recursively for packages in '/home/botforgelabs2/Desktop/QuestEgo'
[0.072s] Level 1:colcon.colcon_core.package_identification:_identify(.) by extensions ['ignore', 'ignore_ament_install']
[0.073s] Level 1:colcon.colcon_core.package_identification:_identify(.) by extension 'ignore'
[0.073s] Level 1:colcon.colcon_core.package_identification:_identify(.) by extension 'ignore_ament_install'
[0.073s] Level 1:colcon.colcon_core.package_identification:_identify(.) by extensions ['colcon_pkg']
[0.073s] Level 1:colcon.colcon_core.package_identification:_identify(.) by extension 'colcon_pkg'
[0.073s] Level 1:colcon.colcon_core.package_identification:_identify(.) by extensions ['colcon_meta']
[0.073s] Level 1:colcon.colcon_core.package_identification:_identify(.) by extension 'colcon_meta'
[0.073s] Level 1:colcon.colcon_core.package_identification:_identify(.) by extensions ['ros']
[0.073s] Level 1:colcon.colcon_core.package_identification:_identify(.) by extension 'ros'
[0.086s] Level 1:colcon.colcon_core.package_identification:_identify(.) by extensions ['cmake', 'python']
[0.086s] Level 1:colcon.colcon_core.package_identification:_identify(.) by extension 'cmake'
[0.086s] Level 1:colcon.colcon_core.package_identification:_identify(.) by extension 'python'
[0.086s] Level 1:colcon.colcon_core.package_identification:_identify(.) by extensions ['python_setup_py']
[0.086s] Level 1:colcon.colcon_core.package_identification:_identify(.) by extension 'python_setup_py'
[0.086s] Level 1:colcon.colcon_core.package_identification:_identify(Session_20260625_123206) by extensions ['ignore', 'ignore_ament_install']
[0.086s] Level 1:colcon.colcon_core.package_identification:_identify(Session_20260625_123206) by extension 'ignore'
[0.086s] Level 1:colcon.colcon_core.package_identification:_identify(Session_20260625_123206) by extension 'ignore_ament_install'
[0.086s] Level 1:colcon.colcon_core.package_identification:_identify(Session_20260625_123206) by extensions ['colcon_pkg']
[0.086s] Level 1:colcon.colcon_core.package_identification:_identify(Session_20260625_123206) by extension 'colcon_pkg'
[0.086s] Level 1:colcon.colcon_core.package_identification:_identify(Session_20260625_123206) by extensions ['colcon_meta']
[0.086s] Level 1:colcon.colcon_core.package_identification:_identify(Session_20260625_123206) by extension 'colcon_meta'
[0.086s] Level 1:colcon.colcon_core.package_identification:_identify(Session_20260625_123206) by extensions ['ros']
[0.086s] Level 1:colcon.colcon_core.package_identification:_identify(Session_20260625_123206) by extension 'ros'
[0.086s] Level 1:colcon.colcon_core.package_identification:_identify(Session_20260625_123206) by extensions ['cmake', 'python']
[0.086s] Level 1:colcon.colcon_core.package_identification:_identify(Session_20260625_123206) by extension 'cmake'
[0.086s] Level 1:colcon.colcon_core.package_identification:_identify(Session_20260625_123206) by extension 'python'
[0.086s] Level 1:colcon.colcon_core.package_identification:_identify(Session_20260625_123206) by extensions ['python_setup_py']
[0.086s] Level 1:colcon.colcon_core.package_identification:_identify(Session_20260625_123206) by extension 'python_setup_py'
[0.086s] Level 1:colcon.colcon_core.package_identification:_identify(Session_20260625_123206/Take_001) by extensions ['ignore', 'ignore_ament_install']
[0.086s] Level 1:colcon.colcon_core.package_identification:_identify(Session_20260625_123206/Take_001) by extension 'ignore'
[0.086s] Level 1:colcon.colcon_core.package_identification:_identify(Session_20260625_123206/Take_001) by extension 'ignore_ament_install'
[0.086s] Level 1:colcon.colcon_core.package_identification:_identify(Session_20260625_123206/Take_001) by extensions ['colcon_pkg']
[0.086s] Level 1:colcon.colcon_core.package_identification:_identify(Session_20260625_123206/Take_001) by extension 'colcon_pkg'
[0.086s] Level 1:colcon.colcon_core.package_identification:_identify(Session_20260625_123206/Take_001) by extensions ['colcon_meta']
[0.086s] Level 1:colcon.colcon_core.package_identification:_identify(Session_20260625_123206/Take_001) by extension 'colcon_meta'
[0.086s] Level 1:colcon.colcon_core.package_identification:_identify(Session_20260625_123206/Take_001) by extensions ['ros']
[0.086s] Level 1:colcon.colcon_core.package_identification:_identify(Session_20260625_123206/Take_001) by extension 'ros'
[0.086s] Level 1:colcon.colcon_core.package_identification:_identify(Session_20260625_123206/Take_001) by extensions ['cmake', 'python']
[0.086s] Level 1:colcon.colcon_core.package_identification:_identify(Session_20260625_123206/Take_001) by extension 'cmake'
[0.086s] Level 1:colcon.colcon_core.package_identification:_identify(Session_20260625_123206/Take_001) by extension 'python'
[0.086s] Level 1:colcon.colcon_core.package_identification:_identify(Session_20260625_123206/Take_001) by extensions ['python_setup_py']
[0.086s] Level 1:colcon.colcon_core.package_identification:_identify(Session_20260625_123206/Take_001) by extension 'python_setup_py'
[0.087s] Level 1:colcon.colcon_core.package_identification:_identify(Session_20260625_123206/Take_001/video) by extensions ['ignore', 'ignore_ament_install']
[0.087s] Level 1:colcon.colcon_core.package_identification:_identify(Session_20260625_123206/Take_001/video) by extension 'ignore'
[0.087s] Level 1:colcon.colcon_core.package_identification:_identify(Session_20260625_123206/Take_001/video) by extension 'ignore_ament_install'
[0.087s] Level 1:colcon.colcon_core.package_identification:_identify(Session_20260625_123206/Take_001/video) by extensions ['colcon_pkg']
[0.087s] Level 1:colcon.colcon_core.package_identification:_identify(Session_20260625_123206/Take_001/video) by extension 'colcon_pkg'
[0.087s] Level 1:colcon.colcon_core.package_identification:_identify(Session_20260625_123206/Take_001/video) by extensions ['colcon_meta']
[0.087s] Level 1:colcon.colcon_core.package_identification:_identify(Session_20260625_123206/Take_001/video) by extension 'colcon_meta'
[0.087s] Level 1:colcon.colcon_core.package_identification:_identify(Session_20260625_123206/Take_001/video) by extensions ['ros']
[0.087s] Level 1:colcon.colcon_core.package_identification:_identify(Session_20260625_123206/Take_001/video) by extension 'ros'
[0.087s] Level 1:colcon.colcon_core.package_identification:_identify(Session_20260625_123206/Take_001/video) by extensions ['cmake', 'python']
[0.087s] Level 1:colcon.colcon_core.package_identification:_identify(Session_20260625_123206/Take_001/video) by extension 'cmake'
[0.087s] Level 1:colcon.colcon_core.package_identification:_identify(Session_20260625_123206/Take_001/video) by extension 'python'
[0.087s] Level 1:colcon.colcon_core.package_identification:_identify(Session_20260625_123206/Take_001/video) by extensions ['python_setup_py']
[0.087s] Level 1:colcon.colcon_core.package_identification:_identify(Session_20260625_123206/Take_001/video) by extension 'python_setup_py'
[0.087s] Level 1:colcon.colcon_core.package_identification:_identify(Session_20260625_123206/Take_002) by extensions ['ignore', 'ignore_ament_install']
[0.087s] Level 1:colcon.colcon_core.package_identification:_identify(Session_20260625_123206/Take_002) by extension 'ignore'
[0.087s] Level 1:colcon.colcon_core.package_identification:_identify(Session_20260625_123206/Take_002) by extension 'ignore_ament_install'
[0.087s] Level 1:colcon.colcon_core.package_identification:_identify(Session_20260625_123206/Take_002) by extensions ['colcon_pkg']
[0.087s] Level 1:colcon.colcon_core.package_identification:_identify(Session_20260625_123206/Take_002) by extension 'colcon_pkg'
[0.087s] Level 1:colcon.colcon_core.package_identification:_identify(Session_20260625_123206/Take_002) by extensions ['colcon_meta']
[0.087s] Level 1:colcon.colcon_core.package_identification:_identify(Session_20260625_123206/Take_002) by extension 'colcon_meta'
[0.087s] Level 1:colcon.colcon_core.package_identification:_identify(Session_20260625_123206/Take_002) by extensions ['ros']
[0.087s] Level 1:colcon.colcon_core.package_identification:_identify(Session_20260625_123206/Take_002) by extension 'ros'
[0.087s] Level 1:colcon.colcon_core.package_identification:_identify(Session_20260625_123206/Take_002) by extensions ['cmake', 'python']
[0.087s] Level 1:colcon.colcon_core.package_identification:_identify(Session_20260625_123206/Take_002) by extension 'cmake'
[0.087s] Level 1:colcon.colcon_core.package_identification:_identify(Session_20260625_123206/Take_002) by extension 'python'
[0.087s] Level 1:colcon.colcon_core.package_identification:_identify(Session_20260625_123206/Take_002) by extensions ['python_setup_py']
[0.087s] Level 1:colcon.colcon_core.package_identification:_identify(Session_20260625_123206/Take_002) by extension 'python_setup_py'
[0.087s] Level 1:colcon.colcon_core.package_identification:_identify(Session_20260625_123206/Take_002/video) by extensions ['ignore', 'ignore_ament_install']
[0.087s] Level 1:colcon.colcon_core.package_identification:_identify(Session_20260625_123206/Take_002/video) by extension 'ignore'
[0.087s] Level 1:colcon.colcon_core.package_identification:_identify(Session_20260625_123206/Take_002/video) by extension 'ignore_ament_install'
[0.087s] Level 1:colcon.colcon_core.package_identification:_identify(Session_20260625_123206/Take_002/video) by extensions ['colcon_pkg']
[0.087s] Level 1:colcon.colcon_core.package_identification:_identify(Session_20260625_123206/Take_002/video) by extension 'colcon_pkg'
[0.087s] Level 1:colcon.colcon_core.package_identification:_identify(Session_20260625_123206/Take_002/video) by extensions ['colcon_meta']
[0.087s] Level 1:colcon.colcon_core.package_identification:_identify(Session_20260625_123206/Take_002/video) by extension 'colcon_meta'
[0.087s] Level 1:colcon.colcon_core.package_identification:_identify(Session_20260625_123206/Take_002/video) by extensions ['ros']
[0.087s] Level 1:colcon.colcon_core.package_identification:_identify(Session_20260625_123206/Take_002/video) by extension 'ros'
[0.087s] Level 1:colcon.colcon_core.package_identification:_identify(Session_20260625_123206/Take_002/video) by extensions ['cmake', 'python']
[0.087s] Level 1:colcon.colcon_core.package_identification:_identify(Session_20260625_123206/Take_002/video) by extension 'cmake'
[0.087s] Level 1:colcon.colcon_core.package_identification:_identify(Session_20260625_123206/Take_002/video) by extension 'python'
[0.087s] Level 1:colcon.colcon_core.package_identification:_identify(Session_20260625_123206/Take_002/video) by extensions ['python_setup_py']
[0.087s] Level 1:colcon.colcon_core.package_identification:_identify(Session_20260625_123206/Take_002/video) by extension 'python_setup_py'
[0.087s] Level 1:colcon.colcon_core.package_identification:_identify(Session_20260625_123206/Take_003) by extensions ['ignore', 'ignore_ament_install']
[0.087s] Level 1:colcon.colcon_core.package_identification:_identify(Session_20260625_123206/Take_003) by extension 'ignore'
[0.087s] Level 1:colcon.colcon_core.package_identification:_identify(Session_20260625_123206/Take_003) by extension 'ignore_ament_install'
[0.087s] Level 1:colcon.colcon_core.package_identification:_identify(Session_20260625_123206/Take_003) by extensions ['colcon_pkg']
[0.087s] Level 1:colcon.colcon_core.package_identification:_identify(Session_20260625_123206/Take_003) by extension 'colcon_pkg'
[0.088s] Level 1:colcon.colcon_core.package_identification:_identify(Session_20260625_123206/Take_003) by extensions ['colcon_meta']
[0.088s] Level 1:colcon.colcon_core.package_identification:_identify(Session_20260625_123206/Take_003) by extension 'colcon_meta'
[0.088s] Level 1:colcon.colcon_core.package_identification:_identify(Session_20260625_123206/Take_003) by extensions ['ros']
[0.088s] Level 1:colcon.colcon_core.package_identification:_identify(Session_20260625_123206/Take_003) by extension 'ros'
[0.088s] Level 1:colcon.colcon_core.package_identification:_identify(Session_20260625_123206/Take_003) by extensions ['cmake', 'python']
[0.088s] Level 1:colcon.colcon_core.package_identification:_identify(Session_20260625_123206/Take_003) by extension 'cmake'
[0.088s] Level 1:colcon.colcon_core.package_identification:_identify(Session_20260625_123206/Take_003) by extension 'python'
[0.088s] Level 1:colcon.colcon_core.package_identification:_identify(Session_20260625_123206/Take_003) by extensions ['python_setup_py']
[0.088s] Level 1:colcon.colcon_core.package_identification:_identify(Session_20260625_123206/Take_003) by extension 'python_setup_py'
[0.088s] Level 1:colcon.colcon_core.package_identification:_identify(Session_20260625_123206/Take_003/video) by extensions ['ignore', 'ignore_ament_install']
[0.088s] Level 1:colcon.colcon_core.package_identification:_identify(Session_20260625_123206/Take_003/video) by extension 'ignore'
[0.088s] Level 1:colcon.colcon_core.package_identification:_identify(Session_20260625_123206/Take_003/video) by extension 'ignore_ament_install'
[0.088s] Level 1:colcon.colcon_core.package_identification:_identify(Session_20260625_123206/Take_003/video) by extensions ['colcon_pkg']
[0.088s] Level 1:colcon.colcon_core.package_identification:_identify(Session_20260625_123206/Take_003/video) by extension 'colcon_pkg'
[0.088s] Level 1:colcon.colcon_core.package_identification:_identify(Session_20260625_123206/Take_003/video) by extensions ['colcon_meta']
[0.088s] Level 1:colcon.colcon_core.package_identification:_identify(Session_20260625_123206/Take_003/video) by extension 'colcon_meta'
[0.088s] Level 1:colcon.colcon_core.package_identification:_identify(Session_20260625_123206/Take_003/video) by extensions ['ros']
[0.088s] Level 1:colcon.colcon_core.package_identification:_identify(Session_20260625_123206/Take_003/video) by extension 'ros'
[0.088s] Level 1:colcon.colcon_core.package_identification:_identify(Session_20260625_123206/Take_003/video) by extensions ['cmake', 'python']
[0.088s] Level 1:colcon.colcon_core.package_identification:_identify(Session_20260625_123206/Take_003/video) by extension 'cmake'
[0.088s] Level 1:colcon.colcon_core.package_identification:_identify(Session_20260625_123206/Take_003/video) by extension 'python'
[0.088s] Level 1:colcon.colcon_core.package_identification:_identify(Session_20260625_123206/Take_003/video) by extensions ['python_setup_py']
[0.088s] Level 1:colcon.colcon_core.package_identification:_identify(Session_20260625_123206/Take_003/video) by extension 'python_setup_py'
[0.088s] Level 1:colcon.colcon_core.package_identification:_identify(Session_20260625_123206/Take_004) by extensions ['ignore', 'ignore_ament_install']
[0.088s] Level 1:colcon.colcon_core.package_identification:_identify(Session_20260625_123206/Take_004) by extension 'ignore'
[0.088s] Level 1:colcon.colcon_core.package_identification:_identify(Session_20260625_123206/Take_004) by extension 'ignore_ament_install'
[0.088s] Level 1:colcon.colcon_core.package_identification:_identify(Session_20260625_123206/Take_004) by extensions ['colcon_pkg']
[0.088s] Level 1:colcon.colcon_core.package_identification:_identify(Session_20260625_123206/Take_004) by extension 'colcon_pkg'
[0.088s] Level 1:colcon.colcon_core.package_identification:_identify(Session_20260625_123206/Take_004) by extensions ['colcon_meta']
[0.088s] Level 1:colcon.colcon_core.package_identification:_identify(Session_20260625_123206/Take_004) by extension 'colcon_meta'
[0.088s] Level 1:colcon.colcon_core.package_identification:_identify(Session_20260625_123206/Take_004) by extensions ['ros']
[0.088s] Level 1:colcon.colcon_core.package_identification:_identify(Session_20260625_123206/Take_004) by extension 'ros'
[0.088s] Level 1:colcon.colcon_core.package_identification:_identify(Session_20260625_123206/Take_004) by extensions ['cmake', 'python']
[0.088s] Level 1:colcon.colcon_core.package_identification:_identify(Session_20260625_123206/Take_004) by extension 'cmake'
[0.088s] Level 1:colcon.colcon_core.package_identification:_identify(Session_20260625_123206/Take_004) by extension 'python'
[0.088s] Level 1:colcon.colcon_core.package_identification:_identify(Session_20260625_123206/Take_004) by extensions ['python_setup_py']
[0.088s] Level 1:colcon.colcon_core.package_identification:_identify(Session_20260625_123206/Take_004) by extension 'python_setup_py'
[0.088s] Level 1:colcon.colcon_core.package_identification:_identify(Session_20260625_123206/Take_004/video) by extensions ['ignore', 'ignore_ament_install']
[0.088s] Level 1:colcon.colcon_core.package_identification:_identify(Session_20260625_123206/Take_004/video) by extension 'ignore'
[0.088s] Level 1:colcon.colcon_core.package_identification:_identify(Session_20260625_123206/Take_004/video) by extension 'ignore_ament_install'
[0.088s] Level 1:colcon.colcon_core.package_identification:_identify(Session_20260625_123206/Take_004/video) by extensions ['colcon_pkg']
[0.088s] Level 1:colcon.colcon_core.package_identification:_identify(Session_20260625_123206/Take_004/video) by extension 'colcon_pkg'
[0.088s] Level 1:colcon.colcon_core.package_identification:_identify(Session_20260625_123206/Take_004/video) by extensions ['colcon_meta']
[0.088s] Level 1:colcon.colcon_core.package_identification:_identify(Session_20260625_123206/Take_004/video) by extension 'colcon_meta'
[0.088s] Level 1:colcon.colcon_core.package_identification:_identify(Session_20260625_123206/Take_004/video) by extensions ['ros']
[0.088s] Level 1:colcon.colcon_core.package_identification:_identify(Session_20260625_123206/Take_004/video) by extension 'ros'
[0.088s] Level 1:colcon.colcon_core.package_identification:_identify(Session_20260625_123206/Take_004/video) by extensions ['cmake', 'python']
[0.088s] Level 1:colcon.colcon_core.package_identification:_identify(Session_20260625_123206/Take_004/video) by extension 'cmake'
[0.089s] Level 1:colcon.colcon_core.package_identification:_identify(Session_20260625_123206/Take_004/video) by extension 'python'
[0.089s] Level 1:colcon.colcon_core.package_identification:_identify(Session_20260625_123206/Take_004/video) by extensions ['python_setup_py']
[0.089s] Level 1:colcon.colcon_core.package_identification:_identify(Session_20260625_123206/Take_004/video) by extension 'python_setup_py'
[0.089s] Level 1:colcon.colcon_core.package_identification:_identify(Session_20260625_123206/Take_005) by extensions ['ignore', 'ignore_ament_install']
[0.089s] Level 1:colcon.colcon_core.package_identification:_identify(Session_20260625_123206/Take_005) by extension 'ignore'
[0.089s] Level 1:colcon.colcon_core.package_identification:_identify(Session_20260625_123206/Take_005) by extension 'ignore_ament_install'
[0.089s] Level 1:colcon.colcon_core.package_identification:_identify(Session_20260625_123206/Take_005) by extensions ['colcon_pkg']
[0.089s] Level 1:colcon.colcon_core.package_identification:_identify(Session_20260625_123206/Take_005) by extension 'colcon_pkg'
[0.089s] Level 1:colcon.colcon_core.package_identification:_identify(Session_20260625_123206/Take_005) by extensions ['colcon_meta']
[0.089s] Level 1:colcon.colcon_core.package_identification:_identify(Session_20260625_123206/Take_005) by extension 'colcon_meta'
[0.089s] Level 1:colcon.colcon_core.package_identification:_identify(Session_20260625_123206/Take_005) by extensions ['ros']
[0.089s] Level 1:colcon.colcon_core.package_identification:_identify(Session_20260625_123206/Take_005) by extension 'ros'
[0.089s] Level 1:colcon.colcon_core.package_identification:_identify(Session_20260625_123206/Take_005) by extensions ['cmake', 'python']
[0.089s] Level 1:colcon.colcon_core.package_identification:_identify(Session_20260625_123206/Take_005) by extension 'cmake'
[0.089s] Level 1:colcon.colcon_core.package_identification:_identify(Session_20260625_123206/Take_005) by extension 'python'
[0.089s] Level 1:colcon.colcon_core.package_identification:_identify(Session_20260625_123206/Take_005) by extensions ['python_setup_py']
[0.089s] Level 1:colcon.colcon_core.package_identification:_identify(Session_20260625_123206/Take_005) by extension 'python_setup_py'
[0.089s] Level 1:colcon.colcon_core.package_identification:_identify(Session_20260625_123206/Take_005/video) by extensions ['ignore', 'ignore_ament_install']
[0.089s] Level 1:colcon.colcon_core.package_identification:_identify(Session_20260625_123206/Take_005/video) by extension 'ignore'
[0.089s] Level 1:colcon.colcon_core.package_identification:_identify(Session_20260625_123206/Take_005/video) by extension 'ignore_ament_install'
[0.089s] Level 1:colcon.colcon_core.package_identification:_identify(Session_20260625_123206/Take_005/video) by extensions ['colcon_pkg']
[0.089s] Level 1:colcon.colcon_core.package_identification:_identify(Session_20260625_123206/Take_005/video) by extension 'colcon_pkg'
[0.089s] Level 1:colcon.colcon_core.package_identification:_identify(Session_20260625_123206/Take_005/video) by extensions ['colcon_meta']
[0.089s] Level 1:colcon.colcon_core.package_identification:_identify(Session_20260625_123206/Take_005/video) by extension 'colcon_meta'
[0.089s] Level 1:colcon.colcon_core.package_identification:_identify(Session_20260625_123206/Take_005/video) by extensions ['ros']
[0.089s] Level 1:colcon.colcon_core.package_identification:_identify(Session_20260625_123206/Take_005/video) by extension 'ros'
[0.089s] Level 1:colcon.colcon_core.package_identification:_identify(Session_20260625_123206/Take_005/video) by extensions ['cmake', 'python']
[0.089s] Level 1:colcon.colcon_core.package_identification:_identify(Session_20260625_123206/Take_005/video) by extension 'cmake'
[0.089s] Level 1:colcon.colcon_core.package_identification:_identify(Session_20260625_123206/Take_005/video) by extension 'python'
[0.089s] Level 1:colcon.colcon_core.package_identification:_identify(Session_20260625_123206/Take_005/video) by extensions ['python_setup_py']
[0.089s] Level 1:colcon.colcon_core.package_identification:_identify(Session_20260625_123206/Take_005/video) by extension 'python_setup_py'
[0.089s] Level 1:colcon.colcon_core.package_identification:_identify(Session_20260625_123206/Take_006) by extensions ['ignore', 'ignore_ament_install']
[0.089s] Level 1:colcon.colcon_core.package_identification:_identify(Session_20260625_123206/Take_006) by extension 'ignore'
[0.089s] Level 1:colcon.colcon_core.package_identification:_identify(Session_20260625_123206/Take_006) by extension 'ignore_ament_install'
[0.089s] Level 1:colcon.colcon_core.package_identification:_identify(Session_20260625_123206/Take_006) by extensions ['colcon_pkg']
[0.089s] Level 1:colcon.colcon_core.package_identification:_identify(Session_20260625_123206/Take_006) by extension 'colcon_pkg'
[0.089s] Level 1:colcon.colcon_core.package_identification:_identify(Session_20260625_123206/Take_006) by extensions ['colcon_meta']
[0.089s] Level 1:colcon.colcon_core.package_identification:_identify(Session_20260625_123206/Take_006) by extension 'colcon_meta'
[0.089s] Level 1:colcon.colcon_core.package_identification:_identify(Session_20260625_123206/Take_006) by extensions ['ros']
[0.089s] Level 1:colcon.colcon_core.package_identification:_identify(Session_20260625_123206/Take_006) by extension 'ros'
[0.089s] Level 1:colcon.colcon_core.package_identification:_identify(Session_20260625_123206/Take_006) by extensions ['cmake', 'python']
[0.089s] Level 1:colcon.colcon_core.package_identification:_identify(Session_20260625_123206/Take_006) by extension 'cmake'
[0.089s] Level 1:colcon.colcon_core.package_identification:_identify(Session_20260625_123206/Take_006) by extension 'python'
[0.089s] Level 1:colcon.colcon_core.package_identification:_identify(Session_20260625_123206/Take_006) by extensions ['python_setup_py']
[0.089s] Level 1:colcon.colcon_core.package_identification:_identify(Session_20260625_123206/Take_006) by extension 'python_setup_py'
[0.089s] Level 1:colcon.colcon_core.package_identification:_identify(Session_20260625_123206/Take_006/video) by extensions ['ignore', 'ignore_ament_install']
[0.089s] Level 1:colcon.colcon_core.package_identification:_identify(Session_20260625_123206/Take_006/video) by extension 'ignore'
[0.089s] Level 1:colcon.colcon_core.package_identification:_identify(Session_20260625_123206/Take_006/video) by extension 'ignore_ament_install'
[0.089s] Level 1:colcon.colcon_core.package_identification:_identify(Session_20260625_123206/Take_006/video) by extensions ['colcon_pkg']
[0.089s] Level 1:colcon.colcon_core.package_identification:_identify(Session_20260625_123206/Take_006/video) by extension 'colcon_pkg'
[0.090s] Level 1:colcon.colcon_core.package_identification:_identify(Session_20260625_123206/Take_006/video) by extensions ['colcon_meta']
[0.090s] Level 1:colcon.colcon_core.package_identification:_identify(Session_20260625_123206/Take_006/video) by extension 'colcon_meta'
[0.090s] Level 1:colcon.colcon_core.package_identification:_identify(Session_20260625_123206/Take_006/video) by extensions ['ros']
[0.090s] Level 1:colcon.colcon_core.package_identification:_identify(Session_20260625_123206/Take_006/video) by extension 'ros'
[0.090s] Level 1:colcon.colcon_core.package_identification:_identify(Session_20260625_123206/Take_006/video) by extensions ['cmake', 'python']
[0.090s] Level 1:colcon.colcon_core.package_identification:_identify(Session_20260625_123206/Take_006/video) by extension 'cmake'
[0.090s] Level 1:colcon.colcon_core.package_identification:_identify(Session_20260625_123206/Take_006/video) by extension 'python'
[0.090s] Level 1:colcon.colcon_core.package_identification:_identify(Session_20260625_123206/Take_006/video) by extensions ['python_setup_py']
[0.090s] Level 1:colcon.colcon_core.package_identification:_identify(Session_20260625_123206/Take_006/video) by extension 'python_setup_py'
[0.090s] Level 1:colcon.colcon_core.package_identification:_identify(Session_20260625_123206/Take_007) by extensions ['ignore', 'ignore_ament_install']
[0.090s] Level 1:colcon.colcon_core.package_identification:_identify(Session_20260625_123206/Take_007) by extension 'ignore'
[0.090s] Level 1:colcon.colcon_core.package_identification:_identify(Session_20260625_123206/Take_007) by extension 'ignore_ament_install'
[0.090s] Level 1:colcon.colcon_core.package_identification:_identify(Session_20260625_123206/Take_007) by extensions ['colcon_pkg']
[0.090s] Level 1:colcon.colcon_core.package_identification:_identify(Session_20260625_123206/Take_007) by extension 'colcon_pkg'
[0.090s] Level 1:colcon.colcon_core.package_identification:_identify(Session_20260625_123206/Take_007) by extensions ['colcon_meta']
[0.090s] Level 1:colcon.colcon_core.package_identification:_identify(Session_20260625_123206/Take_007) by extension 'colcon_meta'
[0.090s] Level 1:colcon.colcon_core.package_identification:_identify(Session_20260625_123206/Take_007) by extensions ['ros']
[0.090s] Level 1:colcon.colcon_core.package_identification:_identify(Session_20260625_123206/Take_007) by extension 'ros'
[0.090s] Level 1:colcon.colcon_core.package_identification:_identify(Session_20260625_123206/Take_007) by extensions ['cmake', 'python']
[0.090s] Level 1:colcon.colcon_core.package_identification:_identify(Session_20260625_123206/Take_007) by extension 'cmake'
[0.090s] Level 1:colcon.colcon_core.package_identification:_identify(Session_20260625_123206/Take_007) by extension 'python'
[0.090s] Level 1:colcon.colcon_core.package_identification:_identify(Session_20260625_123206/Take_007) by extensions ['python_setup_py']
[0.090s] Level 1:colcon.colcon_core.package_identification:_identify(Session_20260625_123206/Take_007) by extension 'python_setup_py'
[0.090s] Level 1:colcon.colcon_core.package_identification:_identify(Session_20260625_123206/Take_007/video) by extensions ['ignore', 'ignore_ament_install']
[0.090s] Level 1:colcon.colcon_core.package_identification:_identify(Session_20260625_123206/Take_007/video) by extension 'ignore'
[0.090s] Level 1:colcon.colcon_core.package_identification:_identify(Session_20260625_123206/Take_007/video) by extension 'ignore_ament_install'
[0.090s] Level 1:colcon.colcon_core.package_identification:_identify(Session_20260625_123206/Take_007/video) by extensions ['colcon_pkg']
[0.090s] Level 1:colcon.colcon_core.package_identification:_identify(Session_20260625_123206/Take_007/video) by extension 'colcon_pkg'
[0.090s] Level 1:colcon.colcon_core.package_identification:_identify(Session_20260625_123206/Take_007/video) by extensions ['colcon_meta']
[0.090s] Level 1:colcon.colcon_core.package_identification:_identify(Session_20260625_123206/Take_007/video) by extension 'colcon_meta'
[0.090s] Level 1:colcon.colcon_core.package_identification:_identify(Session_20260625_123206/Take_007/video) by extensions ['ros']
[0.090s] Level 1:colcon.colcon_core.package_identification:_identify(Session_20260625_123206/Take_007/video) by extension 'ros'
[0.090s] Level 1:colcon.colcon_core.package_identification:_identify(Session_20260625_123206/Take_007/video) by extensions ['cmake', 'python']
[0.090s] Level 1:colcon.colcon_core.package_identification:_identify(Session_20260625_123206/Take_007/video) by extension 'cmake'
[0.090s] Level 1:colcon.colcon_core.package_identification:_identify(Session_20260625_123206/Take_007/video) by extension 'python'
[0.090s] Level 1:colcon.colcon_core.package_identification:_identify(Session_20260625_123206/Take_007/video) by extensions ['python_setup_py']
[0.090s] Level 1:colcon.colcon_core.package_identification:_identify(Session_20260625_123206/Take_007/video) by extension 'python_setup_py'
[0.090s] Level 1:colcon.colcon_core.package_identification:_identify(Session_20260625_123206/Take_008) by extensions ['ignore', 'ignore_ament_install']
[0.090s] Level 1:colcon.colcon_core.package_identification:_identify(Session_20260625_123206/Take_008) by extension 'ignore'
[0.090s] Level 1:colcon.colcon_core.package_identification:_identify(Session_20260625_123206/Take_008) by extension 'ignore_ament_install'
[0.090s] Level 1:colcon.colcon_core.package_identification:_identify(Session_20260625_123206/Take_008) by extensions ['colcon_pkg']
[0.090s] Level 1:colcon.colcon_core.package_identification:_identify(Session_20260625_123206/Take_008) by extension 'colcon_pkg'
[0.090s] Level 1:colcon.colcon_core.package_identification:_identify(Session_20260625_123206/Take_008) by extensions ['colcon_meta']
[0.090s] Level 1:colcon.colcon_core.package_identification:_identify(Session_20260625_123206/Take_008) by extension 'colcon_meta'
[0.090s] Level 1:colcon.colcon_core.package_identification:_identify(Session_20260625_123206/Take_008) by extensions ['ros']
[0.090s] Level 1:colcon.colcon_core.package_identification:_identify(Session_20260625_123206/Take_008) by extension 'ros'
[0.090s] Level 1:colcon.colcon_core.package_identification:_identify(Session_20260625_123206/Take_008) by extensions ['cmake', 'python']
[0.090s] Level 1:colcon.colcon_core.package_identification:_identify(Session_20260625_123206/Take_008) by extension 'cmake'
[0.090s] Level 1:colcon.colcon_core.package_identification:_identify(Session_20260625_123206/Take_008) by extension 'python'
[0.090s] Level 1:colcon.colcon_core.package_identification:_identify(Session_20260625_123206/Take_008) by extensions ['python_setup_py']
[0.090s] Level 1:colcon.colcon_core.package_identification:_identify(Session_20260625_123206/Take_008) by extension 'python_setup_py'
[0.090s] Level 1:colcon.colcon_core.package_identification:_identify(Session_20260625_123206/Take_008/video) by extensions ['ignore', 'ignore_ament_install']
[0.090s] Level 1:colcon.colcon_core.package_identification:_identify(Session_20260625_123206/Take_008/video) by extension 'ignore'
[0.090s] Level 1:colcon.colcon_core.package_identification:_identify(Session_20260625_123206/Take_008/video) by extension 'ignore_ament_install'
[0.091s] Level 1:colcon.colcon_core.package_identification:_identify(Session_20260625_123206/Take_008/video) by extensions ['colcon_pkg']
[0.091s] Level 1:colcon.colcon_core.package_identification:_identify(Session_20260625_123206/Take_008/video) by extension 'colcon_pkg'
[0.091s] Level 1:colcon.colcon_core.package_identification:_identify(Session_20260625_123206/Take_008/video) by extensions ['colcon_meta']
[0.091s] Level 1:colcon.colcon_core.package_identification:_identify(Session_20260625_123206/Take_008/video) by extension 'colcon_meta'
[0.091s] Level 1:colcon.colcon_core.package_identification:_identify(Session_20260625_123206/Take_008/video) by extensions ['ros']
[0.091s] Level 1:colcon.colcon_core.package_identification:_identify(Session_20260625_123206/Take_008/video) by extension 'ros'
[0.091s] Level 1:colcon.colcon_core.package_identification:_identify(Session_20260625_123206/Take_008/video) by extensions ['cmake', 'python']
[0.091s] Level 1:colcon.colcon_core.package_identification:_identify(Session_20260625_123206/Take_008/video) by extension 'cmake'
[0.091s] Level 1:colcon.colcon_core.package_identification:_identify(Session_20260625_123206/Take_008/video) by extension 'python'
[0.091s] Level 1:colcon.colcon_core.package_identification:_identify(Session_20260625_123206/Take_008/video) by extensions ['python_setup_py']
[0.091s] Level 1:colcon.colcon_core.package_identification:_identify(Session_20260625_123206/Take_008/video) by extension 'python_setup_py'
[0.091s] Level 1:colcon.colcon_core.package_identification:_identify(Session_20260625_123206/Take_009) by extensions ['ignore', 'ignore_ament_install']
[0.091s] Level 1:colcon.colcon_core.package_identification:_identify(Session_20260625_123206/Take_009) by extension 'ignore'
[0.091s] Level 1:colcon.colcon_core.package_identification:_identify(Session_20260625_123206/Take_009) by extension 'ignore_ament_install'
[0.091s] Level 1:colcon.colcon_core.package_identification:_identify(Session_20260625_123206/Take_009) by extensions ['colcon_pkg']
[0.091s] Level 1:colcon.colcon_core.package_identification:_identify(Session_20260625_123206/Take_009) by extension 'colcon_pkg'
[0.091s] Level 1:colcon.colcon_core.package_identification:_identify(Session_20260625_123206/Take_009) by extensions ['colcon_meta']
[0.091s] Level 1:colcon.colcon_core.package_identification:_identify(Session_20260625_123206/Take_009) by extension 'colcon_meta'
[0.091s] Level 1:colcon.colcon_core.package_identification:_identify(Session_20260625_123206/Take_009) by extensions ['ros']
[0.091s] Level 1:colcon.colcon_core.package_identification:_identify(Session_20260625_123206/Take_009) by extension 'ros'
[0.091s] Level 1:colcon.colcon_core.package_identification:_identify(Session_20260625_123206/Take_009) by extensions ['cmake', 'python']
[0.091s] Level 1:colcon.colcon_core.package_identification:_identify(Session_20260625_123206/Take_009) by extension 'cmake'
[0.091s] Level 1:colcon.colcon_core.package_identification:_identify(Session_20260625_123206/Take_009) by extension 'python'
[0.091s] Level 1:colcon.colcon_core.package_identification:_identify(Session_20260625_123206/Take_009) by extensions ['python_setup_py']
[0.091s] Level 1:colcon.colcon_core.package_identification:_identify(Session_20260625_123206/Take_009) by extension 'python_setup_py'
[0.091s] Level 1:colcon.colcon_core.package_identification:_identify(Session_20260625_123206/Take_009/video) by extensions ['ignore', 'ignore_ament_install']
[0.091s] Level 1:colcon.colcon_core.package_identification:_identify(Session_20260625_123206/Take_009/video) by extension 'ignore'
[0.091s] Level 1:colcon.colcon_core.package_identification:_identify(Session_20260625_123206/Take_009/video) by extension 'ignore_ament_install'
[0.091s] Level 1:colcon.colcon_core.package_identification:_identify(Session_20260625_123206/Take_009/video) by extensions ['colcon_pkg']
[0.091s] Level 1:colcon.colcon_core.package_identification:_identify(Session_20260625_123206/Take_009/video) by extension 'colcon_pkg'
[0.091s] Level 1:colcon.colcon_core.package_identification:_identify(Session_20260625_123206/Take_009/video) by extensions ['colcon_meta']
[0.091s] Level 1:colcon.colcon_core.package_identification:_identify(Session_20260625_123206/Take_009/video) by extension 'colcon_meta'
[0.091s] Level 1:colcon.colcon_core.package_identification:_identify(Session_20260625_123206/Take_009/video) by extensions ['ros']
[0.091s] Level 1:colcon.colcon_core.package_identification:_identify(Session_20260625_123206/Take_009/video) by extension 'ros'
[0.091s] Level 1:colcon.colcon_core.package_identification:_identify(Session_20260625_123206/Take_009/video) by extensions ['cmake', 'python']
[0.091s] Level 1:colcon.colcon_core.package_identification:_identify(Session_20260625_123206/Take_009/video) by extension 'cmake'
[0.091s] Level 1:colcon.colcon_core.package_identification:_identify(Session_20260625_123206/Take_009/video) by extension 'python'
[0.091s] Level 1:colcon.colcon_core.package_identification:_identify(Session_20260625_123206/Take_009/video) by extensions ['python_setup_py']
[0.091s] Level 1:colcon.colcon_core.package_identification:_identify(Session_20260625_123206/Take_009/video) by extension 'python_setup_py'
[0.091s] Level 1:colcon.colcon_core.package_identification:_identify(Session_20260625_123206/Take_010) by extensions ['ignore', 'ignore_ament_install']
[0.091s] Level 1:colcon.colcon_core.package_identification:_identify(Session_20260625_123206/Take_010) by extension 'ignore'
[0.091s] Level 1:colcon.colcon_core.package_identification:_identify(Session_20260625_123206/Take_010) by extension 'ignore_ament_install'
[0.091s] Level 1:colcon.colcon_core.package_identification:_identify(Session_20260625_123206/Take_010) by extensions ['colcon_pkg']
[0.091s] Level 1:colcon.colcon_core.package_identification:_identify(Session_20260625_123206/Take_010) by extension 'colcon_pkg'
[0.091s] Level 1:colcon.colcon_core.package_identification:_identify(Session_20260625_123206/Take_010) by extensions ['colcon_meta']
[0.091s] Level 1:colcon.colcon_core.package_identification:_identify(Session_20260625_123206/Take_010) by extension 'colcon_meta'
[0.091s] Level 1:colcon.colcon_core.package_identification:_identify(Session_20260625_123206/Take_010) by extensions ['ros']
[0.091s] Level 1:colcon.colcon_core.package_identification:_identify(Session_20260625_123206/Take_010) by extension 'ros'
[0.091s] Level 1:colcon.colcon_core.package_identification:_identify(Session_20260625_123206/Take_010) by extensions ['cmake', 'python']
[0.091s] Level 1:colcon.colcon_core.package_identification:_identify(Session_20260625_123206/Take_010) by extension 'cmake'
[0.091s] Level 1:colcon.colcon_core.package_identification:_identify(Session_20260625_123206/Take_010) by extension 'python'
[0.091s] Level 1:colcon.colcon_core.package_identification:_identify(Session_20260625_123206/Take_010) by extensions ['python_setup_py']
[0.091s] Level 1:colcon.colcon_core.package_identification:_identify(Session_20260625_123206/Take_010) by extension 'python_setup_py'
[0.091s] Level 1:colcon.colcon_core.package_identification:_identify(Session_20260625_123206/Take_010/video) by extensions ['ignore', 'ignore_ament_install']
[0.092s] Level 1:colcon.colcon_core.package_identification:_identify(Session_20260625_123206/Take_010/video) by extension 'ignore'
[0.092s] Level 1:colcon.colcon_core.package_identification:_identify(Session_20260625_123206/Take_010/video) by extension 'ignore_ament_install'
[0.092s] Level 1:colcon.colcon_core.package_identification:_identify(Session_20260625_123206/Take_010/video) by extensions ['colcon_pkg']
[0.092s] Level 1:colcon.colcon_core.package_identification:_identify(Session_20260625_123206/Take_010/video) by extension 'colcon_pkg'
[0.092s] Level 1:colcon.colcon_core.package_identification:_identify(Session_20260625_123206/Take_010/video) by extensions ['colcon_meta']
[0.092s] Level 1:colcon.colcon_core.package_identification:_identify(Session_20260625_123206/Take_010/video) by extension 'colcon_meta'
[0.092s] Level 1:colcon.colcon_core.package_identification:_identify(Session_20260625_123206/Take_010/video) by extensions ['ros']
[0.092s] Level 1:colcon.colcon_core.package_identification:_identify(Session_20260625_123206/Take_010/video) by extension 'ros'
[0.092s] Level 1:colcon.colcon_core.package_identification:_identify(Session_20260625_123206/Take_010/video) by extensions ['cmake', 'python']
[0.092s] Level 1:colcon.colcon_core.package_identification:_identify(Session_20260625_123206/Take_010/video) by extension 'cmake'
[0.092s] Level 1:colcon.colcon_core.package_identification:_identify(Session_20260625_123206/Take_010/video) by extension 'python'
[0.092s] Level 1:colcon.colcon_core.package_identification:_identify(Session_20260625_123206/Take_010/video) by extensions ['python_setup_py']
[0.092s] Level 1:colcon.colcon_core.package_identification:_identify(Session_20260625_123206/Take_010/video) by extension 'python_setup_py'
[0.092s] Level 1:colcon.colcon_core.package_identification:_identify(Videos) by extensions ['ignore', 'ignore_ament_install']
[0.092s] Level 1:colcon.colcon_core.package_identification:_identify(Videos) by extension 'ignore'
[0.092s] Level 1:colcon.colcon_core.package_identification:_identify(Videos) by extension 'ignore_ament_install'
[0.092s] Level 1:colcon.colcon_core.package_identification:_identify(Videos) by extensions ['colcon_pkg']
[0.092s] Level 1:colcon.colcon_core.package_identification:_identify(Videos) by extension 'colcon_pkg'
[0.092s] Level 1:colcon.colcon_core.package_identification:_identify(Videos) by extensions ['colcon_meta']
[0.092s] Level 1:colcon.colcon_core.package_identification:_identify(Videos) by extension 'colcon_meta'
[0.092s] Level 1:colcon.colcon_core.package_identification:_identify(Videos) by extensions ['ros']
[0.092s] Level 1:colcon.colcon_core.package_identification:_identify(Videos) by extension 'ros'
[0.092s] Level 1:colcon.colcon_core.package_identification:_identify(Videos) by extensions ['cmake', 'python']
[0.092s] Level 1:colcon.colcon_core.package_identification:_identify(Videos) by extension 'cmake'
[0.092s] Level 1:colcon.colcon_core.package_identification:_identify(Videos) by extension 'python'
[0.092s] Level 1:colcon.colcon_core.package_identification:_identify(Videos) by extensions ['python_setup_py']
[0.092s] Level 1:colcon.colcon_core.package_identification:_identify(Videos) by extension 'python_setup_py'
[0.092s] Level 1:colcon.colcon_core.package_identification:_identify(Videos/Session_20260625_123206) by extensions ['ignore', 'ignore_ament_install']
[0.092s] Level 1:colcon.colcon_core.package_identification:_identify(Videos/Session_20260625_123206) by extension 'ignore'
[0.092s] Level 1:colcon.colcon_core.package_identification:_identify(Videos/Session_20260625_123206) by extension 'ignore_ament_install'
[0.092s] Level 1:colcon.colcon_core.package_identification:_identify(Videos/Session_20260625_123206) by extensions ['colcon_pkg']
[0.092s] Level 1:colcon.colcon_core.package_identification:_identify(Videos/Session_20260625_123206) by extension 'colcon_pkg'
[0.092s] Level 1:colcon.colcon_core.package_identification:_identify(Videos/Session_20260625_123206) by extensions ['colcon_meta']
[0.092s] Level 1:colcon.colcon_core.package_identification:_identify(Videos/Session_20260625_123206) by extension 'colcon_meta'
[0.092s] Level 1:colcon.colcon_core.package_identification:_identify(Videos/Session_20260625_123206) by extensions ['ros']
[0.092s] Level 1:colcon.colcon_core.package_identification:_identify(Videos/Session_20260625_123206) by extension 'ros'
[0.092s] Level 1:colcon.colcon_core.package_identification:_identify(Videos/Session_20260625_123206) by extensions ['cmake', 'python']
[0.092s] Level 1:colcon.colcon_core.package_identification:_identify(Videos/Session_20260625_123206) by extension 'cmake'
[0.092s] Level 1:colcon.colcon_core.package_identification:_identify(Videos/Session_20260625_123206) by extension 'python'
[0.092s] Level 1:colcon.colcon_core.package_identification:_identify(Videos/Session_20260625_123206) by extensions ['python_setup_py']
[0.092s] Level 1:colcon.colcon_core.package_identification:_identify(Videos/Session_20260625_123206) by extension 'python_setup_py'
[0.092s] Level 1:colcon.colcon_core.package_identification:_identify(build) by extensions ['ignore', 'ignore_ament_install']
[0.092s] Level 1:colcon.colcon_core.package_identification:_identify(build) by extension 'ignore'
[0.092s] Level 1:colcon.colcon_core.package_identification:_identify(build) ignored
[0.092s] Level 1:colcon.colcon_core.package_identification:_identify(install) by extensions ['ignore', 'ignore_ament_install']
[0.092s] Level 1:colcon.colcon_core.package_identification:_identify(install) by extension 'ignore'
[0.092s] Level 1:colcon.colcon_core.package_identification:_identify(install) ignored
[0.092s] Level 1:colcon.colcon_core.package_identification:_identify(log) by extensions ['ignore', 'ignore_ament_install']
[0.092s] Level 1:colcon.colcon_core.package_identification:_identify(log) by extension 'ignore'
[0.092s] Level 1:colcon.colcon_core.package_identification:_identify(log) ignored
[0.092s] Level 1:colcon.colcon_core.package_identification:_identify(src) by extensions ['ignore', 'ignore_ament_install']
[0.093s] Level 1:colcon.colcon_core.package_identification:_identify(src) by extension 'ignore'
[0.093s] Level 1:colcon.colcon_core.package_identification:_identify(src) by extension 'ignore_ament_install'
[0.093s] Level 1:colcon.colcon_core.package_identification:_identify(src) by extensions ['colcon_pkg']
[0.093s] Level 1:colcon.colcon_core.package_identification:_identify(src) by extension 'colcon_pkg'
[0.093s] Level 1:colcon.colcon_core.package_identification:_identify(src) by extensions ['colcon_meta']
[0.093s] Level 1:colcon.colcon_core.package_identification:_identify(src) by extension 'colcon_meta'
[0.093s] Level 1:colcon.colcon_core.package_identification:_identify(src) by extensions ['ros']
[0.093s] Level 1:colcon.colcon_core.package_identification:_identify(src) by extension 'ros'
[0.093s] Level 1:colcon.colcon_core.package_identification:_identify(src) by extensions ['cmake', 'python']
[0.093s] Level 1:colcon.colcon_core.package_identification:_identify(src) by extension 'cmake'
[0.093s] Level 1:colcon.colcon_core.package_identification:_identify(src) by extension 'python'
[0.093s] Level 1:colcon.colcon_core.package_identification:_identify(src) by extensions ['python_setup_py']
[0.093s] Level 1:colcon.colcon_core.package_identification:_identify(src) by extension 'python_setup_py'
[0.093s] Level 1:colcon.colcon_core.package_identification:_identify(src/openarm_bimanual_moveit_config) by extensions ['ignore', 'ignore_ament_install']
[0.093s] Level 1:colcon.colcon_core.package_identification:_identify(src/openarm_bimanual_moveit_config) by extension 'ignore'
[0.093s] Level 1:colcon.colcon_core.package_identification:_identify(src/openarm_bimanual_moveit_config) by extension 'ignore_ament_install'
[0.093s] Level 1:colcon.colcon_core.package_identification:_identify(src/openarm_bimanual_moveit_config) by extensions ['colcon_pkg']
[0.093s] Level 1:colcon.colcon_core.package_identification:_identify(src/openarm_bimanual_moveit_config) by extension 'colcon_pkg'
[0.093s] Level 1:colcon.colcon_core.package_identification:_identify(src/openarm_bimanual_moveit_config) by extensions ['colcon_meta']
[0.093s] Level 1:colcon.colcon_core.package_identification:_identify(src/openarm_bimanual_moveit_config) by extension 'colcon_meta'
[0.093s] Level 1:colcon.colcon_core.package_identification:_identify(src/openarm_bimanual_moveit_config) by extensions ['ros']
[0.093s] Level 1:colcon.colcon_core.package_identification:_identify(src/openarm_bimanual_moveit_config) by extension 'ros'
[0.094s] DEBUG:colcon.colcon_core.package_identification:Package 'src/openarm_bimanual_moveit_config' with type 'ros.ament_cmake' and name 'openarm_bimanual_moveit_config'
[0.094s] Level 1:colcon.colcon_core.package_identification:_identify(src/openarm_bringup) by extensions ['ignore', 'ignore_ament_install']
[0.094s] Level 1:colcon.colcon_core.package_identification:_identify(src/openarm_bringup) by extension 'ignore'
[0.094s] Level 1:colcon.colcon_core.package_identification:_identify(src/openarm_bringup) by extension 'ignore_ament_install'
[0.094s] Level 1:colcon.colcon_core.package_identification:_identify(src/openarm_bringup) by extensions ['colcon_pkg']
[0.094s] Level 1:colcon.colcon_core.package_identification:_identify(src/openarm_bringup) by extension 'colcon_pkg'
[0.094s] Level 1:colcon.colcon_core.package_identification:_identify(src/openarm_bringup) by extensions ['colcon_meta']
[0.094s] Level 1:colcon.colcon_core.package_identification:_identify(src/openarm_bringup) by extension 'colcon_meta'
[0.094s] Level 1:colcon.colcon_core.package_identification:_identify(src/openarm_bringup) by extensions ['ros']
[0.094s] Level 1:colcon.colcon_core.package_identification:_identify(src/openarm_bringup) by extension 'ros'
[0.095s] DEBUG:colcon.colcon_core.package_identification:Package 'src/openarm_bringup' with type 'ros.ament_cmake' and name 'openarm_bringup'
[0.095s] Level 1:colcon.colcon_core.package_identification:_identify(src/openarm_description) by extensions ['ignore', 'ignore_ament_install']
[0.095s] Level 1:colcon.colcon_core.package_identification:_identify(src/openarm_description) by extension 'ignore'
[0.095s] Level 1:colcon.colcon_core.package_identification:_identify(src/openarm_description) by extension 'ignore_ament_install'
[0.095s] Level 1:colcon.colcon_core.package_identification:_identify(src/openarm_description) by extensions ['colcon_pkg']
[0.095s] Level 1:colcon.colcon_core.package_identification:_identify(src/openarm_description) by extension 'colcon_pkg'
[0.095s] Level 1:colcon.colcon_core.package_identification:_identify(src/openarm_description) by extensions ['colcon_meta']
[0.095s] Level 1:colcon.colcon_core.package_identification:_identify(src/openarm_description) by extension 'colcon_meta'
[0.095s] Level 1:colcon.colcon_core.package_identification:_identify(src/openarm_description) by extensions ['ros']
[0.095s] Level 1:colcon.colcon_core.package_identification:_identify(src/openarm_description) by extension 'ros'
[0.095s] DEBUG:colcon.colcon_core.package_identification:Package 'src/openarm_description' with type 'ros.ament_cmake' and name 'openarm_description'
[0.095s] Level 1:colcon.colcon_core.package_discovery:discover_packages(recursive) using defaults
[0.095s] Level 1:colcon.colcon_core.package_discovery:discover_packages(ignore) discover
[0.095s] Level 1:colcon.colcon_core.package_discovery:discover_packages(ignore) using defaults
[0.095s] Level 1:colcon.colcon_core.package_discovery:discover_packages(path) discover
[0.095s] Level 1:colcon.colcon_core.package_discovery:discover_packages(path) using defaults
[0.104s] INFO:colcon.colcon_core.package_selection:Skipping not selected package 'openarm_description' in 'src/openarm_description'
[0.104s] INFO:colcon.colcon_core.package_selection:Skipping not selected package 'openarm_bimanual_moveit_config' in 'src/openarm_bimanual_moveit_config'
[0.104s] Level 1:colcon.colcon_core.package_discovery:discover_packages(prefix_path) check parameters
[0.104s] Level 1:colcon.colcon_core.package_discovery:discover_packages(prefix_path) discover
[0.106s] DEBUG:colcon.colcon_installed_package_information.package_discovery:Found 373 installed packages in /opt/ros/jazzy
[0.107s] Level 1:colcon.colcon_core.package_discovery:discover_packages(prefix_path) using defaults
[0.128s] Level 5:colcon.colcon_core.verb:set package 'openarm_bringup' build argument 'cmake_args' from command line to '['-DCMAKE_BUILD_TYPE=Release']'
[0.128s] Level 5:colcon.colcon_core.verb:set package 'openarm_bringup' build argument 'cmake_target' from command line to 'None'
[0.128s] Level 5:colcon.colcon_core.verb:set package 'openarm_bringup' build argument 'cmake_target_skip_unavailable' from command line to 'False'
[0.128s] Level 5:colcon.colcon_core.verb:set package 'openarm_bringup' build argument 'cmake_clean_cache' from command line to 'False'
[0.128s] Level 5:colcon.colcon_core.verb:set package 'openarm_bringup' build argument 'cmake_clean_first' from command line to 'False'
[0.128s] Level 5:colcon.colcon_core.verb:set package 'openarm_bringup' build argument 'cmake_force_configure' from command line to 'False'
[0.128s] Level 5:colcon.colcon_core.verb:set package 'openarm_bringup' build argument 'ament_cmake_args' from command line to 'None'
[0.128s] Level 5:colcon.colcon_core.verb:set package 'openarm_bringup' build argument 'catkin_cmake_args' from command line to 'None'
[0.128s] Level 5:colcon.colcon_core.verb:set package 'openarm_bringup' build argument 'catkin_skip_building_tests' from command line to 'False'
[0.128s] DEBUG:colcon.colcon_core.verb:Building package 'openarm_bringup' with the following arguments: {'ament_cmake_args': None, 'build_base': '/home/botforgelabs2/Desktop/QuestEgo/build/openarm_bringup', 'catkin_cmake_args': None, 'catkin_skip_building_tests': False, 'cmake_args': ['-DCMAKE_BUILD_TYPE=Release'], 'cmake_clean_cache': False, 'cmake_clean_first': False, 'cmake_force_configure': False, 'cmake_target': None, 'cmake_target_skip_unavailable': False, 'install_base': '/home/botforgelabs2/Desktop/QuestEgo/install/openarm_bringup', 'merge_install': False, 'path': '/home/botforgelabs2/Desktop/QuestEgo/src/openarm_bringup', 'symlink_install': False, 'test_result_base': None}
[0.128s] INFO:colcon.colcon_core.executor:Executing jobs using 'parallel' executor
[0.128s] DEBUG:colcon.colcon_parallel_executor.executor.parallel:run_until_complete
[0.129s] INFO:colcon.colcon_ros.task.ament_cmake.build:Building ROS package in '/home/botforgelabs2/Desktop/QuestEgo/src/openarm_bringup' with build type 'ament_cmake'
[0.129s] INFO:colcon.colcon_cmake.task.cmake.build:Building CMake package in '/home/botforgelabs2/Desktop/QuestEgo/src/openarm_bringup'
[0.130s] INFO:colcon.colcon_core.plugin_system:Skipping extension 'colcon_core.shell.bat': Not used on non-Windows systems
[0.130s] INFO:colcon.colcon_core.shell:Skip shell extension 'powershell' for command environment: Not usable outside of PowerShell
[0.130s] DEBUG:colcon.colcon_core.shell:Skip shell extension 'dsv' for command environment
[0.135s] DEBUG:colcon.colcon_core.event_handler.log_command:Invoking command in '/home/botforgelabs2/Desktop/QuestEgo/build/openarm_bringup': AMENT_PREFIX_PATH=/home/botforgelabs2/Desktop/QuestEgo/install/openarm_bimanual_moveit_config:/home/botforgelabs2/Desktop/QuestEgo/install/openarm_description:${AMENT_PREFIX_PATH} CMAKE_PREFIX_PATH=/home/botforgelabs2/Desktop/QuestEgo/install/openarm_bimanual_moveit_config:/home/botforgelabs2/Desktop/QuestEgo/install/openarm_description:/opt/ros/jazzy/opt/gz_sim_vendor:/opt/ros/jazzy/opt/gz_sensors_vendor:/opt/ros/jazzy/opt/gz_physics_vendor:/opt/ros/jazzy/opt/sdformat_vendor:/opt/ros/jazzy/opt/gz_gui_vendor:/opt/ros/jazzy/opt/gz_transport_vendor:/opt/ros/jazzy/opt/gz_rendering_vendor:/opt/ros/jazzy/opt/gz_plugin_vendor:/opt/ros/jazzy/opt/gz_fuel_tools_vendor:/opt/ros/jazzy/opt/gz_msgs_vendor:/opt/ros/jazzy/opt/gz_common_vendor:/opt/ros/jazzy/opt/gz_math_vendor:/opt/ros/jazzy/opt/gz_utils_vendor:/opt/ros/jazzy/opt/gz_tools_vendor:/opt/ros/jazzy/opt/gz_ogre_next_vendor:/opt/ros/jazzy/opt/gz_dartsim_vendor:/opt/ros/jazzy/opt/gz_cmake_vendor:/opt/ros/jazzy DEBUGINFOD_URLS=https://debuginfod.ubuntu.com /usr/local/bin/cmake /home/botforgelabs2/Desktop/QuestEgo/src/openarm_bringup -DCMAKE_BUILD_TYPE=Release -DCMAKE_INSTALL_PREFIX=/home/botforgelabs2/Desktop/QuestEgo/install/openarm_bringup
[0.846s] DEBUG:colcon.colcon_core.event_handler.log_command:Invoked command in '/home/botforgelabs2/Desktop/QuestEgo/build/openarm_bringup' returned '0': AMENT_PREFIX_PATH=/home/botforgelabs2/Desktop/QuestEgo/install/openarm_bimanual_moveit_config:/home/botforgelabs2/Desktop/QuestEgo/install/openarm_description:${AMENT_PREFIX_PATH} CMAKE_PREFIX_PATH=/home/botforgelabs2/Desktop/QuestEgo/install/openarm_bimanual_moveit_config:/home/botforgelabs2/Desktop/QuestEgo/install/openarm_description:/opt/ros/jazzy/opt/gz_sim_vendor:/opt/ros/jazzy/opt/gz_sensors_vendor:/opt/ros/jazzy/opt/gz_physics_vendor:/opt/ros/jazzy/opt/sdformat_vendor:/opt/ros/jazzy/opt/gz_gui_vendor:/opt/ros/jazzy/opt/gz_transport_vendor:/opt/ros/jazzy/opt/gz_rendering_vendor:/opt/ros/jazzy/opt/gz_plugin_vendor:/opt/ros/jazzy/opt/gz_fuel_tools_vendor:/opt/ros/jazzy/opt/gz_msgs_vendor:/opt/ros/jazzy/opt/gz_common_vendor:/opt/ros/jazzy/opt/gz_math_vendor:/opt/ros/jazzy/opt/gz_utils_vendor:/opt/ros/jazzy/opt/gz_tools_vendor:/opt/ros/jazzy/opt/gz_ogre_next_vendor:/opt/ros/jazzy/opt/gz_dartsim_vendor:/opt/ros/jazzy/opt/gz_cmake_vendor:/opt/ros/jazzy DEBUGINFOD_URLS=https://debuginfod.ubuntu.com /usr/local/bin/cmake /home/botforgelabs2/Desktop/QuestEgo/src/openarm_bringup -DCMAKE_BUILD_TYPE=Release -DCMAKE_INSTALL_PREFIX=/home/botforgelabs2/Desktop/QuestEgo/install/openarm_bringup
[0.847s] DEBUG:colcon.colcon_core.event_handler.log_command:Invoking command in '/home/botforgelabs2/Desktop/QuestEgo/build/openarm_bringup': AMENT_PREFIX_PATH=/home/botforgelabs2/Desktop/QuestEgo/install/openarm_bimanual_moveit_config:/home/botforgelabs2/Desktop/QuestEgo/install/openarm_description:${AMENT_PREFIX_PATH} CMAKE_PREFIX_PATH=/home/botforgelabs2/Desktop/QuestEgo/install/openarm_bimanual_moveit_config:/home/botforgelabs2/Desktop/QuestEgo/install/openarm_description:/opt/ros/jazzy/opt/gz_sim_vendor:/opt/ros/jazzy/opt/gz_sensors_vendor:/opt/ros/jazzy/opt/gz_physics_vendor:/opt/ros/jazzy/opt/sdformat_vendor:/opt/ros/jazzy/opt/gz_gui_vendor:/opt/ros/jazzy/opt/gz_transport_vendor:/opt/ros/jazzy/opt/gz_rendering_vendor:/opt/ros/jazzy/opt/gz_plugin_vendor:/opt/ros/jazzy/opt/gz_fuel_tools_vendor:/opt/ros/jazzy/opt/gz_msgs_vendor:/opt/ros/jazzy/opt/gz_common_vendor:/opt/ros/jazzy/opt/gz_math_vendor:/opt/ros/jazzy/opt/gz_utils_vendor:/opt/ros/jazzy/opt/gz_tools_vendor:/opt/ros/jazzy/opt/gz_ogre_next_vendor:/opt/ros/jazzy/opt/gz_dartsim_vendor:/opt/ros/jazzy/opt/gz_cmake_vendor:/opt/ros/jazzy DEBUGINFOD_URLS=https://debuginfod.ubuntu.com /usr/local/bin/cmake --build /home/botforgelabs2/Desktop/QuestEgo/build/openarm_bringup -- -j28 -l28
[1.029s] DEBUG:colcon.colcon_core.event_handler.log_command:Invoked command in '/home/botforgelabs2/Desktop/QuestEgo/build/openarm_bringup' returned '0': AMENT_PREFIX_PATH=/home/botforgelabs2/Desktop/QuestEgo/install/openarm_bimanual_moveit_config:/home/botforgelabs2/Desktop/QuestEgo/install/openarm_description:${AMENT_PREFIX_PATH} CMAKE_PREFIX_PATH=/home/botforgelabs2/Desktop/QuestEgo/install/openarm_bimanual_moveit_config:/home/botforgelabs2/Desktop/QuestEgo/install/openarm_description:/opt/ros/jazzy/opt/gz_sim_vendor:/opt/ros/jazzy/opt/gz_sensors_vendor:/opt/ros/jazzy/opt/gz_physics_vendor:/opt/ros/jazzy/opt/sdformat_vendor:/opt/ros/jazzy/opt/gz_gui_vendor:/opt/ros/jazzy/opt/gz_transport_vendor:/opt/ros/jazzy/opt/gz_rendering_vendor:/opt/ros/jazzy/opt/gz_plugin_vendor:/opt/ros/jazzy/opt/gz_fuel_tools_vendor:/opt/ros/jazzy/opt/gz_msgs_vendor:/opt/ros/jazzy/opt/gz_common_vendor:/opt/ros/jazzy/opt/gz_math_vendor:/opt/ros/jazzy/opt/gz_utils_vendor:/opt/ros/jazzy/opt/gz_tools_vendor:/opt/ros/jazzy/opt/gz_ogre_next_vendor:/opt/ros/jazzy/opt/gz_dartsim_vendor:/opt/ros/jazzy/opt/gz_cmake_vendor:/opt/ros/jazzy DEBUGINFOD_URLS=https://debuginfod.ubuntu.com /usr/local/bin/cmake --build /home/botforgelabs2/Desktop/QuestEgo/build/openarm_bringup -- -j28 -l28
[1.032s] DEBUG:colcon.colcon_core.event_handler.log_command:Invoking command in '/home/botforgelabs2/Desktop/QuestEgo/build/openarm_bringup': AMENT_PREFIX_PATH=/home/botforgelabs2/Desktop/QuestEgo/install/openarm_bimanual_moveit_config:/home/botforgelabs2/Desktop/QuestEgo/install/openarm_description:${AMENT_PREFIX_PATH} CMAKE_PREFIX_PATH=/home/botforgelabs2/Desktop/QuestEgo/install/openarm_bimanual_moveit_config:/home/botforgelabs2/Desktop/QuestEgo/install/openarm_description:/opt/ros/jazzy/opt/gz_sim_vendor:/opt/ros/jazzy/opt/gz_sensors_vendor:/opt/ros/jazzy/opt/gz_physics_vendor:/opt/ros/jazzy/opt/sdformat_vendor:/opt/ros/jazzy/opt/gz_gui_vendor:/opt/ros/jazzy/opt/gz_transport_vendor:/opt/ros/jazzy/opt/gz_rendering_vendor:/opt/ros/jazzy/opt/gz_plugin_vendor:/opt/ros/jazzy/opt/gz_fuel_tools_vendor:/opt/ros/jazzy/opt/gz_msgs_vendor:/opt/ros/jazzy/opt/gz_common_vendor:/opt/ros/jazzy/opt/gz_math_vendor:/opt/ros/jazzy/opt/gz_utils_vendor:/opt/ros/jazzy/opt/gz_tools_vendor:/opt/ros/jazzy/opt/gz_ogre_next_vendor:/opt/ros/jazzy/opt/gz_dartsim_vendor:/opt/ros/jazzy/opt/gz_cmake_vendor:/opt/ros/jazzy DEBUGINFOD_URLS=https://debuginfod.ubuntu.com /usr/local/bin/cmake --install /home/botforgelabs2/Desktop/QuestEgo/build/openarm_bringup
[1.058s] Level 1:colcon.colcon_core.environment:create_environment_scripts_only(openarm_bringup)
[1.058s] DEBUG:colcon.colcon_core.event_handler.log_command:Invoked command in '/home/botforgelabs2/Desktop/QuestEgo/build/openarm_bringup' returned '0': AMENT_PREFIX_PATH=/home/botforgelabs2/Desktop/QuestEgo/install/openarm_bimanual_moveit_config:/home/botforgelabs2/Desktop/QuestEgo/install/openarm_description:${AMENT_PREFIX_PATH} CMAKE_PREFIX_PATH=/home/botforgelabs2/Desktop/QuestEgo/install/openarm_bimanual_moveit_config:/home/botforgelabs2/Desktop/QuestEgo/install/openarm_description:/opt/ros/jazzy/opt/gz_sim_vendor:/opt/ros/jazzy/opt/gz_sensors_vendor:/opt/ros/jazzy/opt/gz_physics_vendor:/opt/ros/jazzy/opt/sdformat_vendor:/opt/ros/jazzy/opt/gz_gui_vendor:/opt/ros/jazzy/opt/gz_transport_vendor:/opt/ros/jazzy/opt/gz_rendering_vendor:/opt/ros/jazzy/opt/gz_plugin_vendor:/opt/ros/jazzy/opt/gz_fuel_tools_vendor:/opt/ros/jazzy/opt/gz_msgs_vendor:/opt/ros/jazzy/opt/gz_common_vendor:/opt/ros/jazzy/opt/gz_math_vendor:/opt/ros/jazzy/opt/gz_utils_vendor:/opt/ros/jazzy/opt/gz_tools_vendor:/opt/ros/jazzy/opt/gz_ogre_next_vendor:/opt/ros/jazzy/opt/gz_dartsim_vendor:/opt/ros/jazzy/opt/gz_cmake_vendor:/opt/ros/jazzy DEBUGINFOD_URLS=https://debuginfod.ubuntu.com /usr/local/bin/cmake --install /home/botforgelabs2/Desktop/QuestEgo/build/openarm_bringup
[1.059s] Level 1:colcon.colcon_core.environment:checking '/home/botforgelabs2/Desktop/QuestEgo/install/openarm_bringup' for CMake module files
[1.060s] Level 1:colcon.colcon_core.environment:checking '/home/botforgelabs2/Desktop/QuestEgo/install/openarm_bringup' for CMake config files
[1.060s] Level 1:colcon.colcon_core.shell:create_environment_hook('openarm_bringup', 'cmake_prefix_path')
[1.060s] INFO:colcon.colcon_core.shell:Creating environment hook '/home/botforgelabs2/Desktop/QuestEgo/install/openarm_bringup/share/openarm_bringup/hook/cmake_prefix_path.ps1'
[1.060s] INFO:colcon.colcon_core.shell:Creating environment descriptor '/home/botforgelabs2/Desktop/QuestEgo/install/openarm_bringup/share/openarm_bringup/hook/cmake_prefix_path.dsv'
[1.060s] INFO:colcon.colcon_core.shell:Creating environment hook '/home/botforgelabs2/Desktop/QuestEgo/install/openarm_bringup/share/openarm_bringup/hook/cmake_prefix_path.sh'
[1.061s] Level 1:colcon.colcon_core.environment:checking '/home/botforgelabs2/Desktop/QuestEgo/install/openarm_bringup/lib'
[1.061s] Level 1:colcon.colcon_core.environment:checking '/home/botforgelabs2/Desktop/QuestEgo/install/openarm_bringup/bin'
[1.061s] Level 1:colcon.colcon_core.environment:checking '/home/botforgelabs2/Desktop/QuestEgo/install/openarm_bringup/lib/pkgconfig/openarm_bringup.pc'
[1.061s] Level 1:colcon.colcon_core.environment:checking '/home/botforgelabs2/Desktop/QuestEgo/install/openarm_bringup/lib/python3.12/site-packages'
[1.061s] Level 1:colcon.colcon_core.shell:create_environment_hook('openarm_bringup', 'pythonpath')
[1.061s] INFO:colcon.colcon_core.shell:Creating environment hook '/home/botforgelabs2/Desktop/QuestEgo/install/openarm_bringup/share/openarm_bringup/hook/pythonpath.ps1'
[1.061s] INFO:colcon.colcon_core.shell:Creating environment descriptor '/home/botforgelabs2/Desktop/QuestEgo/install/openarm_bringup/share/openarm_bringup/hook/pythonpath.dsv'
[1.061s] INFO:colcon.colcon_core.shell:Creating environment hook '/home/botforgelabs2/Desktop/QuestEgo/install/openarm_bringup/share/openarm_bringup/hook/pythonpath.sh'
[1.062s] Level 1:colcon.colcon_core.environment:checking '/home/botforgelabs2/Desktop/QuestEgo/install/openarm_bringup/bin'
[1.062s] INFO:colcon.colcon_core.shell:Creating package script '/home/botforgelabs2/Desktop/QuestEgo/install/openarm_bringup/share/openarm_bringup/package.ps1'
[1.062s] INFO:colcon.colcon_core.shell:Creating package descriptor '/home/botforgelabs2/Desktop/QuestEgo/install/openarm_bringup/share/openarm_bringup/package.dsv'
[1.062s] INFO:colcon.colcon_core.shell:Creating package script '/home/botforgelabs2/Desktop/QuestEgo/install/openarm_bringup/share/openarm_bringup/package.sh'
[1.063s] INFO:colcon.colcon_core.shell:Creating package script '/home/botforgelabs2/Desktop/QuestEgo/install/openarm_bringup/share/openarm_bringup/package.bash'
[1.063s] INFO:colcon.colcon_core.shell:Creating package script '/home/botforgelabs2/Desktop/QuestEgo/install/openarm_bringup/share/openarm_bringup/package.zsh'
[1.063s] Level 1:colcon.colcon_core.environment:create_file_with_runtime_dependencies(/home/botforgelabs2/Desktop/QuestEgo/install/openarm_bringup/share/colcon-core/packages/openarm_bringup)
[1.063s] Level 1:colcon.colcon_core.environment:create_environment_scripts_only(openarm_bringup)
[1.063s] Level 1:colcon.colcon_core.environment:checking '/home/botforgelabs2/Desktop/QuestEgo/install/openarm_bringup' for CMake module files
[1.063s] Level 1:colcon.colcon_core.environment:checking '/home/botforgelabs2/Desktop/QuestEgo/install/openarm_bringup' for CMake config files
[1.064s] Level 1:colcon.colcon_core.shell:create_environment_hook('openarm_bringup', 'cmake_prefix_path')
[1.064s] INFO:colcon.colcon_core.shell:Creating environment hook '/home/botforgelabs2/Desktop/QuestEgo/install/openarm_bringup/share/openarm_bringup/hook/cmake_prefix_path.ps1'
[1.064s] INFO:colcon.colcon_core.shell:Creating environment descriptor '/home/botforgelabs2/Desktop/QuestEgo/install/openarm_bringup/share/openarm_bringup/hook/cmake_prefix_path.dsv'
[1.064s] INFO:colcon.colcon_core.shell:Creating environment hook '/home/botforgelabs2/Desktop/QuestEgo/install/openarm_bringup/share/openarm_bringup/hook/cmake_prefix_path.sh'
[1.064s] Level 1:colcon.colcon_core.environment:checking '/home/botforgelabs2/Desktop/QuestEgo/install/openarm_bringup/lib'
[1.064s] Level 1:colcon.colcon_core.environment:checking '/home/botforgelabs2/Desktop/QuestEgo/install/openarm_bringup/bin'
[1.064s] Level 1:colcon.colcon_core.environment:checking '/home/botforgelabs2/Desktop/QuestEgo/install/openarm_bringup/lib/pkgconfig/openarm_bringup.pc'
[1.064s] Level 1:colcon.colcon_core.environment:checking '/home/botforgelabs2/Desktop/QuestEgo/install/openarm_bringup/lib/python3.12/site-packages'
[1.064s] Level 1:colcon.colcon_core.shell:create_environment_hook('openarm_bringup', 'pythonpath')
[1.064s] INFO:colcon.colcon_core.shell:Creating environment hook '/home/botforgelabs2/Desktop/QuestEgo/install/openarm_bringup/share/openarm_bringup/hook/pythonpath.ps1'
[1.065s] INFO:colcon.colcon_core.shell:Creating environment descriptor '/home/botforgelabs2/Desktop/QuestEgo/install/openarm_bringup/share/openarm_bringup/hook/pythonpath.dsv'
[1.065s] INFO:colcon.colcon_core.shell:Creating environment hook '/home/botforgelabs2/Desktop/QuestEgo/install/openarm_bringup/share/openarm_bringup/hook/pythonpath.sh'
[1.065s] Level 1:colcon.colcon_core.environment:checking '/home/botforgelabs2/Desktop/QuestEgo/install/openarm_bringup/bin'
[1.065s] INFO:colcon.colcon_core.shell:Creating package script '/home/botforgelabs2/Desktop/QuestEgo/install/openarm_bringup/share/openarm_bringup/package.ps1'
[1.065s] INFO:colcon.colcon_core.shell:Creating package descriptor '/home/botforgelabs2/Desktop/QuestEgo/install/openarm_bringup/share/openarm_bringup/package.dsv'
[1.066s] INFO:colcon.colcon_core.shell:Creating package script '/home/botforgelabs2/Desktop/QuestEgo/install/openarm_bringup/share/openarm_bringup/package.sh'
[1.066s] INFO:colcon.colcon_core.shell:Creating package script '/home/botforgelabs2/Desktop/QuestEgo/install/openarm_bringup/share/openarm_bringup/package.bash'
[1.066s] INFO:colcon.colcon_core.shell:Creating package script '/home/botforgelabs2/Desktop/QuestEgo/install/openarm_bringup/share/openarm_bringup/package.zsh'
[1.066s] Level 1:colcon.colcon_core.environment:create_file_with_runtime_dependencies(/home/botforgelabs2/Desktop/QuestEgo/install/openarm_bringup/share/colcon-core/packages/openarm_bringup)
[1.066s] DEBUG:colcon.colcon_parallel_executor.executor.parallel:closing loop
[1.066s] DEBUG:colcon.colcon_parallel_executor.executor.parallel:loop closed
[1.066s] DEBUG:colcon.colcon_parallel_executor.executor.parallel:run_until_complete finished with '0'
[1.066s] DEBUG:colcon.colcon_core.event_reactor:joining thread
[1.069s] INFO:colcon.colcon_core.plugin_system:Skipping extension 'colcon_notification.desktop_notification.terminal_notifier': Not used on non-Darwin systems
[1.069s] INFO:colcon.colcon_core.plugin_system:Skipping extension 'colcon_notification.desktop_notification.win32': Not used on non-Windows systems
[1.069s] INFO:colcon.colcon_notification.desktop_notification:Sending desktop notification using 'notify2'
[1.075s] DEBUG:colcon.colcon_core.event_reactor:joined thread
[1.076s] INFO:colcon.colcon_core.shell:Creating prefix script '/home/botforgelabs2/Desktop/QuestEgo/install/local_setup.ps1'
[1.076s] INFO:colcon.colcon_core.shell:Creating prefix util module '/home/botforgelabs2/Desktop/QuestEgo/install/_local_setup_util_ps1.py'
[1.076s] INFO:colcon.colcon_core.shell:Creating prefix chain script '/home/botforgelabs2/Desktop/QuestEgo/install/setup.ps1'
[1.077s] INFO:colcon.colcon_core.shell:Creating prefix script '/home/botforgelabs2/Desktop/QuestEgo/install/local_setup.sh'
[1.077s] INFO:colcon.colcon_core.shell:Creating prefix util module '/home/botforgelabs2/Desktop/QuestEgo/install/_local_setup_util_sh.py'
[1.077s] INFO:colcon.colcon_core.shell:Creating prefix chain script '/home/botforgelabs2/Desktop/QuestEgo/install/setup.sh'
[1.078s] INFO:colcon.colcon_core.shell:Creating prefix script '/home/botforgelabs2/Desktop/QuestEgo/install/local_setup.bash'
[1.078s] INFO:colcon.colcon_core.shell:Creating prefix chain script '/home/botforgelabs2/Desktop/QuestEgo/install/setup.bash'
[1.078s] INFO:colcon.colcon_core.shell:Creating prefix script '/home/botforgelabs2/Desktop/QuestEgo/install/local_setup.zsh'
[1.078s] INFO:colcon.colcon_core.shell:Creating prefix chain script '/home/botforgelabs2/Desktop/QuestEgo/install/setup.zsh'
