[0.006s] Invoking command in '/home/botforgelabs2/Desktop/QuestEgo/build/openarm_description': CMAKE_PREFIX_PATH=${CMAKE_PREFIX_PATH}:/opt/ros/jazzy DEBUGINFOD_URLS=https://debuginfod.ubuntu.com /usr/local/bin/cmake /home/botforgelabs2/Desktop/QuestEgo/src/openarm_description -DCMAKE_INSTALL_PREFIX=/home/botforgelabs2/Desktop/QuestEgo/install/openarm_description
[0.044s] -- The C compiler identification is GNU 13.3.0
[0.080s] -- The CXX compiler identification is GNU 13.3.0
[0.086s] -- Detecting C compiler ABI info
[0.121s] -- Detecting C compiler ABI info - done
[0.126s] -- Check for working C compiler: /usr/bin/cc - skipped
[0.126s] -- Detecting C compile features
[0.126s] -- Detecting C compile features - done
[0.128s] -- Detecting CXX compiler ABI info
[0.167s] -- Detecting CXX compiler ABI info - done
[0.173s] -- Check for working CXX compiler: /usr/bin/c++ - skipped
[0.173s] -- Detecting CXX compile features
[0.173s] -- Detecting CXX compile features - done
[0.175s] -- Found ament_cmake: 2.5.6 (/opt/ros/jazzy/share/ament_cmake/cmake)
[0.376s] -- Found Python3: /usr/bin/python3 (found version "3.12.3") found components: Interpreter 
[0.442s] -- Found ament_lint_auto: 0.17.5 (/opt/ros/jazzy/share/ament_lint_auto/cmake)
[0.500s] -- Added test 'copyright' to check source files copyright and LICENSE
[0.502s] -- Added test 'flake8' to check Python code syntax and style conventions
[0.502s] -- Configured 'flake8' exclude dirs and/or files: 
[0.502s] -- Added test 'lint_cmake' to check CMake code style
[0.502s] -- Added test 'pep257' to check Python code against some of the docstring style conventions in PEP 257
[0.503s] -- Added test 'xmllint' to check XML markup files
[0.503s] -- Configuring done (0.5s)
[0.505s] -- Generating done (0.0s)
[0.505s] -- Build files have been written to: /home/botforgelabs2/Desktop/QuestEgo/build/openarm_description
[0.507s] Invoked command in '/home/botforgelabs2/Desktop/QuestEgo/build/openarm_description' returned '0': CMAKE_PREFIX_PATH=${CMAKE_PREFIX_PATH}:/opt/ros/jazzy DEBUGINFOD_URLS=https://debuginfod.ubuntu.com /usr/local/bin/cmake /home/botforgelabs2/Desktop/QuestEgo/src/openarm_description -DCMAKE_INSTALL_PREFIX=/home/botforgelabs2/Desktop/QuestEgo/install/openarm_description
[0.508s] Invoking command in '/home/botforgelabs2/Desktop/QuestEgo/build/openarm_description': CMAKE_PREFIX_PATH=${CMAKE_PREFIX_PATH}:/opt/ros/jazzy DEBUGINFOD_URLS=https://debuginfod.ubuntu.com /usr/local/bin/cmake --build /home/botforgelabs2/Desktop/QuestEgo/build/openarm_description -- -j28 -l28
[0.518s] Invoked command in '/home/botforgelabs2/Desktop/QuestEgo/build/openarm_description' returned '0': CMAKE_PREFIX_PATH=${CMAKE_PREFIX_PATH}:/opt/ros/jazzy DEBUGINFOD_URLS=https://debuginfod.ubuntu.com /usr/local/bin/cmake --build /home/botforgelabs2/Desktop/QuestEgo/build/openarm_description -- -j28 -l28
[0.520s] Invoking command in '/home/botforgelabs2/Desktop/QuestEgo/build/openarm_description': CMAKE_PREFIX_PATH=${CMAKE_PREFIX_PATH}:/opt/ros/jazzy DEBUGINFOD_URLS=https://debuginfod.ubuntu.com /usr/local/bin/cmake --install /home/botforgelabs2/Desktop/QuestEgo/build/openarm_description
[0.521s] -- Install configuration: ""
[0.521s] -- Installing: /home/botforgelabs2/Desktop/QuestEgo/install/openarm_description/share/openarm_description/urdf
[0.522s] -- Installing: /home/botforgelabs2/Desktop/QuestEgo/install/openarm_description/share/openarm_description/urdf/openarm_bimanual.urdf
[0.522s] -- Installing: /home/botforgelabs2/Desktop/QuestEgo/install/openarm_description/share/openarm_description/urdf/openarm_single.urdf
[0.522s] -- Installing: /home/botforgelabs2/Desktop/QuestEgo/install/openarm_description/share/openarm_description/meshes
[0.522s] -- Installing: /home/botforgelabs2/Desktop/QuestEgo/install/openarm_description/share/openarm_description/meshes/README.md
[0.522s] -- Installing: /home/botforgelabs2/Desktop/QuestEgo/install/openarm_description/share/openarm_description/rviz
[0.522s] -- Installing: /home/botforgelabs2/Desktop/QuestEgo/install/openarm_description/share/openarm_description/rviz/openarm_default.rviz
[0.522s] -- Installing: /home/botforgelabs2/Desktop/QuestEgo/install/openarm_description/share/openarm_description/launch
[0.522s] -- Installing: /home/botforgelabs2/Desktop/QuestEgo/install/openarm_description/share/openarm_description/launch/display.launch.py
[0.522s] -- Installing: /home/botforgelabs2/Desktop/QuestEgo/install/openarm_description/share/openarm_description/config
[0.522s] -- Installing: /home/botforgelabs2/Desktop/QuestEgo/install/openarm_description/share/openarm_description/config/.gitkeep
[0.522s] -- Installing: /home/botforgelabs2/Desktop/QuestEgo/install/openarm_description/share/ament_index/resource_index/package_run_dependencies/openarm_description
[0.523s] -- Installing: /home/botforgelabs2/Desktop/QuestEgo/install/openarm_description/share/ament_index/resource_index/parent_prefix_path/openarm_description
[0.523s] -- Installing: /home/botforgelabs2/Desktop/QuestEgo/install/openarm_description/share/openarm_description/environment/ament_prefix_path.sh
[0.523s] -- Installing: /home/botforgelabs2/Desktop/QuestEgo/install/openarm_description/share/openarm_description/environment/ament_prefix_path.dsv
[0.523s] -- Installing: /home/botforgelabs2/Desktop/QuestEgo/install/openarm_description/share/openarm_description/environment/path.sh
[0.523s] -- Installing: /home/botforgelabs2/Desktop/QuestEgo/install/openarm_description/share/openarm_description/environment/path.dsv
[0.523s] -- Installing: /home/botforgelabs2/Desktop/QuestEgo/install/openarm_description/share/openarm_description/local_setup.bash
[0.523s] -- Installing: /home/botforgelabs2/Desktop/QuestEgo/install/openarm_description/share/openarm_description/local_setup.sh
[0.523s] -- Installing: /home/botforgelabs2/Desktop/QuestEgo/install/openarm_description/share/openarm_description/local_setup.zsh
[0.523s] -- Installing: /home/botforgelabs2/Desktop/QuestEgo/install/openarm_description/share/openarm_description/local_setup.dsv
[0.523s] -- Installing: /home/botforgelabs2/Desktop/QuestEgo/install/openarm_description/share/openarm_description/package.dsv
[0.523s] -- Installing: /home/botforgelabs2/Desktop/QuestEgo/install/openarm_description/share/ament_index/resource_index/packages/openarm_description
[0.523s] -- Installing: /home/botforgelabs2/Desktop/QuestEgo/install/openarm_description/share/openarm_description/cmake/openarm_descriptionConfig.cmake
[0.523s] -- Installing: /home/botforgelabs2/Desktop/QuestEgo/install/openarm_description/share/openarm_description/cmake/openarm_descriptionConfig-version.cmake
[0.523s] -- Installing: /home/botforgelabs2/Desktop/QuestEgo/install/openarm_description/share/openarm_description/package.xml
[0.524s] Invoked command in '/home/botforgelabs2/Desktop/QuestEgo/build/openarm_description' returned '0': CMAKE_PREFIX_PATH=${CMAKE_PREFIX_PATH}:/opt/ros/jazzy DEBUGINFOD_URLS=https://debuginfod.ubuntu.com /usr/local/bin/cmake --install /home/botforgelabs2/Desktop/QuestEgo/build/openarm_description
