[0.004s] Invoking command in '/home/botforgelabs2/Desktop/QuestEgo/build/openarm_bimanual_moveit_config': AMENT_PREFIX_PATH=/home/botforgelabs2/Desktop/QuestEgo/install/openarm_description:${AMENT_PREFIX_PATH} CMAKE_PREFIX_PATH=/home/botforgelabs2/Desktop/QuestEgo/install/openarm_description:/opt/ros/jazzy/opt/gz_sim_vendor:/opt/ros/jazzy/opt/gz_sensors_vendor:/opt/ros/jazzy/opt/gz_physics_vendor:/opt/ros/jazzy/opt/sdformat_vendor:/opt/ros/jazzy/opt/gz_gui_vendor:/opt/ros/jazzy/opt/gz_transport_vendor:/opt/ros/jazzy/opt/gz_rendering_vendor:/opt/ros/jazzy/opt/gz_plugin_vendor:/opt/ros/jazzy/opt/gz_fuel_tools_vendor:/opt/ros/jazzy/opt/gz_msgs_vendor:/opt/ros/jazzy/opt/gz_common_vendor:/opt/ros/jazzy/opt/gz_math_vendor:/opt/ros/jazzy/opt/gz_utils_vendor:/opt/ros/jazzy/opt/gz_tools_vendor:/opt/ros/jazzy/opt/gz_ogre_next_vendor:/opt/ros/jazzy/opt/gz_dartsim_vendor:/opt/ros/jazzy/opt/gz_cmake_vendor:/opt/ros/jazzy DEBUGINFOD_URLS=https://debuginfod.ubuntu.com /usr/local/bin/cmake /home/botforgelabs2/Desktop/QuestEgo/src/openarm_bimanual_moveit_config -DCMAKE_INSTALL_PREFIX=/home/botforgelabs2/Desktop/QuestEgo/install/openarm_bimanual_moveit_config
[0.036s] -- The C compiler identification is GNU 13.3.0
[0.067s] -- The CXX compiler identification is GNU 13.3.0
[0.073s] -- Detecting C compiler ABI info
[0.105s] -- Detecting C compiler ABI info - done
[0.111s] -- Check for working C compiler: /usr/bin/cc - skipped
[0.111s] -- Detecting C compile features
[0.111s] -- Detecting C compile features - done
[0.113s] -- Detecting CXX compiler ABI info
[0.153s] -- Detecting CXX compiler ABI info - done
[0.159s] -- Check for working CXX compiler: /usr/bin/c++ - skipped
[0.159s] -- Detecting CXX compile features
[0.159s] -- Detecting CXX compile features - done
[0.161s] -- Found ament_cmake: 2.5.6 (/opt/ros/jazzy/share/ament_cmake/cmake)
[0.361s] -- Found Python3: /usr/bin/python3 (found version "3.12.3") found components: Interpreter 
[0.468s] -- Configuring done (0.5s)
[0.469s] -- Generating done (0.0s)
[0.469s] -- Build files have been written to: /home/botforgelabs2/Desktop/QuestEgo/build/openarm_bimanual_moveit_config
[0.471s] Invoked command in '/home/botforgelabs2/Desktop/QuestEgo/build/openarm_bimanual_moveit_config' returned '0': AMENT_PREFIX_PATH=/home/botforgelabs2/Desktop/QuestEgo/install/openarm_description:${AMENT_PREFIX_PATH} CMAKE_PREFIX_PATH=/home/botforgelabs2/Desktop/QuestEgo/install/openarm_description:/opt/ros/jazzy/opt/gz_sim_vendor:/opt/ros/jazzy/opt/gz_sensors_vendor:/opt/ros/jazzy/opt/gz_physics_vendor:/opt/ros/jazzy/opt/sdformat_vendor:/opt/ros/jazzy/opt/gz_gui_vendor:/opt/ros/jazzy/opt/gz_transport_vendor:/opt/ros/jazzy/opt/gz_rendering_vendor:/opt/ros/jazzy/opt/gz_plugin_vendor:/opt/ros/jazzy/opt/gz_fuel_tools_vendor:/opt/ros/jazzy/opt/gz_msgs_vendor:/opt/ros/jazzy/opt/gz_common_vendor:/opt/ros/jazzy/opt/gz_math_vendor:/opt/ros/jazzy/opt/gz_utils_vendor:/opt/ros/jazzy/opt/gz_tools_vendor:/opt/ros/jazzy/opt/gz_ogre_next_vendor:/opt/ros/jazzy/opt/gz_dartsim_vendor:/opt/ros/jazzy/opt/gz_cmake_vendor:/opt/ros/jazzy DEBUGINFOD_URLS=https://debuginfod.ubuntu.com /usr/local/bin/cmake /home/botforgelabs2/Desktop/QuestEgo/src/openarm_bimanual_moveit_config -DCMAKE_INSTALL_PREFIX=/home/botforgelabs2/Desktop/QuestEgo/install/openarm_bimanual_moveit_config
[0.472s] Invoking command in '/home/botforgelabs2/Desktop/QuestEgo/build/openarm_bimanual_moveit_config': AMENT_PREFIX_PATH=/home/botforgelabs2/Desktop/QuestEgo/install/openarm_description:${AMENT_PREFIX_PATH} CMAKE_PREFIX_PATH=/home/botforgelabs2/Desktop/QuestEgo/install/openarm_description:/opt/ros/jazzy/opt/gz_sim_vendor:/opt/ros/jazzy/opt/gz_sensors_vendor:/opt/ros/jazzy/opt/gz_physics_vendor:/opt/ros/jazzy/opt/sdformat_vendor:/opt/ros/jazzy/opt/gz_gui_vendor:/opt/ros/jazzy/opt/gz_transport_vendor:/opt/ros/jazzy/opt/gz_rendering_vendor:/opt/ros/jazzy/opt/gz_plugin_vendor:/opt/ros/jazzy/opt/gz_fuel_tools_vendor:/opt/ros/jazzy/opt/gz_msgs_vendor:/opt/ros/jazzy/opt/gz_common_vendor:/opt/ros/jazzy/opt/gz_math_vendor:/opt/ros/jazzy/opt/gz_utils_vendor:/opt/ros/jazzy/opt/gz_tools_vendor:/opt/ros/jazzy/opt/gz_ogre_next_vendor:/opt/ros/jazzy/opt/gz_dartsim_vendor:/opt/ros/jazzy/opt/gz_cmake_vendor:/opt/ros/jazzy DEBUGINFOD_URLS=https://debuginfod.ubuntu.com /usr/local/bin/cmake --build /home/botforgelabs2/Desktop/QuestEgo/build/openarm_bimanual_moveit_config -- -j28 -l28
[0.480s] Invoked command in '/home/botforgelabs2/Desktop/QuestEgo/build/openarm_bimanual_moveit_config' returned '0': AMENT_PREFIX_PATH=/home/botforgelabs2/Desktop/QuestEgo/install/openarm_description:${AMENT_PREFIX_PATH} CMAKE_PREFIX_PATH=/home/botforgelabs2/Desktop/QuestEgo/install/openarm_description:/opt/ros/jazzy/opt/gz_sim_vendor:/opt/ros/jazzy/opt/gz_sensors_vendor:/opt/ros/jazzy/opt/gz_physics_vendor:/opt/ros/jazzy/opt/sdformat_vendor:/opt/ros/jazzy/opt/gz_gui_vendor:/opt/ros/jazzy/opt/gz_transport_vendor:/opt/ros/jazzy/opt/gz_rendering_vendor:/opt/ros/jazzy/opt/gz_plugin_vendor:/opt/ros/jazzy/opt/gz_fuel_tools_vendor:/opt/ros/jazzy/opt/gz_msgs_vendor:/opt/ros/jazzy/opt/gz_common_vendor:/opt/ros/jazzy/opt/gz_math_vendor:/opt/ros/jazzy/opt/gz_utils_vendor:/opt/ros/jazzy/opt/gz_tools_vendor:/opt/ros/jazzy/opt/gz_ogre_next_vendor:/opt/ros/jazzy/opt/gz_dartsim_vendor:/opt/ros/jazzy/opt/gz_cmake_vendor:/opt/ros/jazzy DEBUGINFOD_URLS=https://debuginfod.ubuntu.com /usr/local/bin/cmake --build /home/botforgelabs2/Desktop/QuestEgo/build/openarm_bimanual_moveit_config -- -j28 -l28
[0.481s] Invoking command in '/home/botforgelabs2/Desktop/QuestEgo/build/openarm_bimanual_moveit_config': AMENT_PREFIX_PATH=/home/botforgelabs2/Desktop/QuestEgo/install/openarm_description:${AMENT_PREFIX_PATH} CMAKE_PREFIX_PATH=/home/botforgelabs2/Desktop/QuestEgo/install/openarm_description:/opt/ros/jazzy/opt/gz_sim_vendor:/opt/ros/jazzy/opt/gz_sensors_vendor:/opt/ros/jazzy/opt/gz_physics_vendor:/opt/ros/jazzy/opt/sdformat_vendor:/opt/ros/jazzy/opt/gz_gui_vendor:/opt/ros/jazzy/opt/gz_transport_vendor:/opt/ros/jazzy/opt/gz_rendering_vendor:/opt/ros/jazzy/opt/gz_plugin_vendor:/opt/ros/jazzy/opt/gz_fuel_tools_vendor:/opt/ros/jazzy/opt/gz_msgs_vendor:/opt/ros/jazzy/opt/gz_common_vendor:/opt/ros/jazzy/opt/gz_math_vendor:/opt/ros/jazzy/opt/gz_utils_vendor:/opt/ros/jazzy/opt/gz_tools_vendor:/opt/ros/jazzy/opt/gz_ogre_next_vendor:/opt/ros/jazzy/opt/gz_dartsim_vendor:/opt/ros/jazzy/opt/gz_cmake_vendor:/opt/ros/jazzy DEBUGINFOD_URLS=https://debuginfod.ubuntu.com /usr/local/bin/cmake --install /home/botforgelabs2/Desktop/QuestEgo/build/openarm_bimanual_moveit_config
[0.482s] -- Install configuration: ""
[0.482s] -- Installing: /home/botforgelabs2/Desktop/QuestEgo/install/openarm_bimanual_moveit_config/share/ament_index/resource_index/package_run_dependencies/openarm_bimanual_moveit_config
[0.482s] -- Installing: /home/botforgelabs2/Desktop/QuestEgo/install/openarm_bimanual_moveit_config/share/ament_index/resource_index/parent_prefix_path/openarm_bimanual_moveit_config
[0.482s] -- Installing: /home/botforgelabs2/Desktop/QuestEgo/install/openarm_bimanual_moveit_config/share/openarm_bimanual_moveit_config/environment/ament_prefix_path.sh
[0.482s] -- Installing: /home/botforgelabs2/Desktop/QuestEgo/install/openarm_bimanual_moveit_config/share/openarm_bimanual_moveit_config/environment/ament_prefix_path.dsv
[0.482s] -- Installing: /home/botforgelabs2/Desktop/QuestEgo/install/openarm_bimanual_moveit_config/share/openarm_bimanual_moveit_config/environment/path.sh
[0.482s] -- Installing: /home/botforgelabs2/Desktop/QuestEgo/install/openarm_bimanual_moveit_config/share/openarm_bimanual_moveit_config/environment/path.dsv
[0.483s] -- Installing: /home/botforgelabs2/Desktop/QuestEgo/install/openarm_bimanual_moveit_config/share/openarm_bimanual_moveit_config/local_setup.bash
[0.483s] -- Installing: /home/botforgelabs2/Desktop/QuestEgo/install/openarm_bimanual_moveit_config/share/openarm_bimanual_moveit_config/local_setup.sh
[0.483s] -- Installing: /home/botforgelabs2/Desktop/QuestEgo/install/openarm_bimanual_moveit_config/share/openarm_bimanual_moveit_config/local_setup.zsh
[0.483s] -- Installing: /home/botforgelabs2/Desktop/QuestEgo/install/openarm_bimanual_moveit_config/share/openarm_bimanual_moveit_config/local_setup.dsv
[0.483s] -- Installing: /home/botforgelabs2/Desktop/QuestEgo/install/openarm_bimanual_moveit_config/share/openarm_bimanual_moveit_config/package.dsv
[0.483s] -- Installing: /home/botforgelabs2/Desktop/QuestEgo/install/openarm_bimanual_moveit_config/share/ament_index/resource_index/packages/openarm_bimanual_moveit_config
[0.483s] -- Installing: /home/botforgelabs2/Desktop/QuestEgo/install/openarm_bimanual_moveit_config/share/openarm_bimanual_moveit_config/cmake/openarm_bimanual_moveit_configConfig.cmake
[0.483s] -- Installing: /home/botforgelabs2/Desktop/QuestEgo/install/openarm_bimanual_moveit_config/share/openarm_bimanual_moveit_config/cmake/openarm_bimanual_moveit_configConfig-version.cmake
[0.483s] -- Installing: /home/botforgelabs2/Desktop/QuestEgo/install/openarm_bimanual_moveit_config/share/openarm_bimanual_moveit_config/package.xml
[0.483s] -- Installing: /home/botforgelabs2/Desktop/QuestEgo/install/openarm_bimanual_moveit_config/share/openarm_bimanual_moveit_config/launch
[0.483s] -- Installing: /home/botforgelabs2/Desktop/QuestEgo/install/openarm_bimanual_moveit_config/share/openarm_bimanual_moveit_config/launch/static_virtual_joint_tfs.launch.py
[0.483s] -- Installing: /home/botforgelabs2/Desktop/QuestEgo/install/openarm_bimanual_moveit_config/share/openarm_bimanual_moveit_config/launch/demo.launch.py
[0.483s] -- Installing: /home/botforgelabs2/Desktop/QuestEgo/install/openarm_bimanual_moveit_config/share/openarm_bimanual_moveit_config/launch/setup_assistant.launch.py
[0.483s] -- Installing: /home/botforgelabs2/Desktop/QuestEgo/install/openarm_bimanual_moveit_config/share/openarm_bimanual_moveit_config/launch/moveit_rviz.launch.py
[0.483s] -- Installing: /home/botforgelabs2/Desktop/QuestEgo/install/openarm_bimanual_moveit_config/share/openarm_bimanual_moveit_config/launch/move_group.launch.py
[0.483s] -- Installing: /home/botforgelabs2/Desktop/QuestEgo/install/openarm_bimanual_moveit_config/share/openarm_bimanual_moveit_config/launch/spawn_controllers.launch.py
[0.483s] -- Installing: /home/botforgelabs2/Desktop/QuestEgo/install/openarm_bimanual_moveit_config/share/openarm_bimanual_moveit_config/config
[0.483s] -- Installing: /home/botforgelabs2/Desktop/QuestEgo/install/openarm_bimanual_moveit_config/share/openarm_bimanual_moveit_config/config/openarm_v2.0
[0.483s] -- Installing: /home/botforgelabs2/Desktop/QuestEgo/install/openarm_bimanual_moveit_config/share/openarm_bimanual_moveit_config/config/openarm_v2.0/pilz_cartesian_limits.yaml
[0.483s] -- Installing: /home/botforgelabs2/Desktop/QuestEgo/install/openarm_bimanual_moveit_config/share/openarm_bimanual_moveit_config/config/openarm_v2.0/sensors_3d.yaml
[0.483s] -- Installing: /home/botforgelabs2/Desktop/QuestEgo/install/openarm_bimanual_moveit_config/share/openarm_bimanual_moveit_config/config/openarm_v2.0/joint_limits.yaml
[0.483s] -- Installing: /home/botforgelabs2/Desktop/QuestEgo/install/openarm_bimanual_moveit_config/share/openarm_bimanual_moveit_config/config/openarm_v2.0/openarm_bimanual.srdf
[0.483s] -- Installing: /home/botforgelabs2/Desktop/QuestEgo/install/openarm_bimanual_moveit_config/share/openarm_bimanual_moveit_config/config/openarm_v2.0/moveit.rviz
[0.483s] -- Installing: /home/botforgelabs2/Desktop/QuestEgo/install/openarm_bimanual_moveit_config/share/openarm_bimanual_moveit_config/config/openarm_v2.0/kinematics.yaml
[0.483s] -- Installing: /home/botforgelabs2/Desktop/QuestEgo/install/openarm_bimanual_moveit_config/share/openarm_bimanual_moveit_config/config/openarm_v2.0/ros2_controllers.yaml
[0.483s] -- Installing: /home/botforgelabs2/Desktop/QuestEgo/install/openarm_bimanual_moveit_config/share/openarm_bimanual_moveit_config/config/openarm_v2.0/openarm_bimanual.urdf.xacro
[0.483s] -- Installing: /home/botforgelabs2/Desktop/QuestEgo/install/openarm_bimanual_moveit_config/share/openarm_bimanual_moveit_config/config/openarm_v2.0/moveit_controllers.yaml
[0.483s] -- Installing: /home/botforgelabs2/Desktop/QuestEgo/install/openarm_bimanual_moveit_config/share/openarm_bimanual_moveit_config/config/openarm_v1.0
[0.483s] -- Installing: /home/botforgelabs2/Desktop/QuestEgo/install/openarm_bimanual_moveit_config/share/openarm_bimanual_moveit_config/config/openarm_v1.0/pilz_cartesian_limits.yaml
[0.483s] -- Installing: /home/botforgelabs2/Desktop/QuestEgo/install/openarm_bimanual_moveit_config/share/openarm_bimanual_moveit_config/config/openarm_v1.0/sensors_3d.yaml
[0.483s] -- Installing: /home/botforgelabs2/Desktop/QuestEgo/install/openarm_bimanual_moveit_config/share/openarm_bimanual_moveit_config/config/openarm_v1.0/joint_limits.yaml
[0.484s] -- Installing: /home/botforgelabs2/Desktop/QuestEgo/install/openarm_bimanual_moveit_config/share/openarm_bimanual_moveit_config/config/openarm_v1.0/openarm_bimanual.srdf
[0.484s] -- Installing: /home/botforgelabs2/Desktop/QuestEgo/install/openarm_bimanual_moveit_config/share/openarm_bimanual_moveit_config/config/openarm_v1.0/moveit.rviz
[0.484s] -- Installing: /home/botforgelabs2/Desktop/QuestEgo/install/openarm_bimanual_moveit_config/share/openarm_bimanual_moveit_config/config/openarm_v1.0/kinematics.yaml
[0.484s] -- Installing: /home/botforgelabs2/Desktop/QuestEgo/install/openarm_bimanual_moveit_config/share/openarm_bimanual_moveit_config/config/openarm_v1.0/ros2_controllers.yaml
[0.484s] -- Installing: /home/botforgelabs2/Desktop/QuestEgo/install/openarm_bimanual_moveit_config/share/openarm_bimanual_moveit_config/config/openarm_v1.0/openarm_bimanual.urdf.xacro
[0.484s] -- Installing: /home/botforgelabs2/Desktop/QuestEgo/install/openarm_bimanual_moveit_config/share/openarm_bimanual_moveit_config/config/openarm_v1.0/moveit_controllers.yaml
[0.484s] -- Installing: /home/botforgelabs2/Desktop/QuestEgo/install/openarm_bimanual_moveit_config/share/openarm_bimanual_moveit_config/.setup_assistant
[0.484s] Invoked command in '/home/botforgelabs2/Desktop/QuestEgo/build/openarm_bimanual_moveit_config' returned '0': AMENT_PREFIX_PATH=/home/botforgelabs2/Desktop/QuestEgo/install/openarm_description:${AMENT_PREFIX_PATH} CMAKE_PREFIX_PATH=/home/botforgelabs2/Desktop/QuestEgo/install/openarm_description:/opt/ros/jazzy/opt/gz_sim_vendor:/opt/ros/jazzy/opt/gz_sensors_vendor:/opt/ros/jazzy/opt/gz_physics_vendor:/opt/ros/jazzy/opt/sdformat_vendor:/opt/ros/jazzy/opt/gz_gui_vendor:/opt/ros/jazzy/opt/gz_transport_vendor:/opt/ros/jazzy/opt/gz_rendering_vendor:/opt/ros/jazzy/opt/gz_plugin_vendor:/opt/ros/jazzy/opt/gz_fuel_tools_vendor:/opt/ros/jazzy/opt/gz_msgs_vendor:/opt/ros/jazzy/opt/gz_common_vendor:/opt/ros/jazzy/opt/gz_math_vendor:/opt/ros/jazzy/opt/gz_utils_vendor:/opt/ros/jazzy/opt/gz_tools_vendor:/opt/ros/jazzy/opt/gz_ogre_next_vendor:/opt/ros/jazzy/opt/gz_dartsim_vendor:/opt/ros/jazzy/opt/gz_cmake_vendor:/opt/ros/jazzy DEBUGINFOD_URLS=https://debuginfod.ubuntu.com /usr/local/bin/cmake --install /home/botforgelabs2/Desktop/QuestEgo/build/openarm_bimanual_moveit_config
