[0.005s] Invoking command in '/home/botforgelabs2/Desktop/QuestEgo/build/openarm_bringup': AMENT_PREFIX_PATH=/home/botforgelabs2/Desktop/QuestEgo/install/openarm_bimanual_moveit_config:/home/botforgelabs2/Desktop/QuestEgo/install/openarm_description:${AMENT_PREFIX_PATH} CMAKE_PREFIX_PATH=/home/botforgelabs2/Desktop/QuestEgo/install/openarm_bimanual_moveit_config:/home/botforgelabs2/Desktop/QuestEgo/install/openarm_description:/opt/ros/jazzy/opt/gz_sim_vendor:/opt/ros/jazzy/opt/gz_sensors_vendor:/opt/ros/jazzy/opt/gz_physics_vendor:/opt/ros/jazzy/opt/sdformat_vendor:/opt/ros/jazzy/opt/gz_gui_vendor:/opt/ros/jazzy/opt/gz_transport_vendor:/opt/ros/jazzy/opt/gz_rendering_vendor:/opt/ros/jazzy/opt/gz_plugin_vendor:/opt/ros/jazzy/opt/gz_fuel_tools_vendor:/opt/ros/jazzy/opt/gz_msgs_vendor:/opt/ros/jazzy/opt/gz_common_vendor:/opt/ros/jazzy/opt/gz_math_vendor:/opt/ros/jazzy/opt/gz_utils_vendor:/opt/ros/jazzy/opt/gz_tools_vendor:/opt/ros/jazzy/opt/gz_ogre_next_vendor:/opt/ros/jazzy/opt/gz_dartsim_vendor:/opt/ros/jazzy/opt/gz_cmake_vendor:/opt/ros/jazzy DEBUGINFOD_URLS=https://debuginfod.ubuntu.com /usr/local/bin/cmake /home/botforgelabs2/Desktop/QuestEgo/src/openarm_bringup -DCMAKE_INSTALL_PREFIX=/home/botforgelabs2/Desktop/QuestEgo/install/openarm_bringup
[0.032s] -- The C compiler identification is GNU 13.3.0
[0.063s] -- The CXX compiler identification is GNU 13.3.0
[0.069s] -- Detecting C compiler ABI info
[0.101s] -- Detecting C compiler ABI info - done
[0.106s] -- Check for working C compiler: /usr/bin/cc - skipped
[0.106s] -- Detecting C compile features
[0.106s] -- Detecting C compile features - done
[0.108s] -- Detecting CXX compiler ABI info
[0.146s] -- Detecting CXX compiler ABI info - done
[0.151s] -- Check for working CXX compiler: /usr/bin/c++ - skipped
[0.151s] -- Detecting CXX compile features
[0.152s] -- Detecting CXX compile features - done
[0.154s] -- Found ament_cmake: 2.5.6 (/opt/ros/jazzy/share/ament_cmake/cmake)
[0.361s] -- Found Python3: /usr/bin/python3 (found version "3.12.3") found components: Interpreter 
[0.424s] -- Found ament_lint_auto: 0.17.5 (/opt/ros/jazzy/share/ament_lint_auto/cmake)
[0.481s] -- Added test 'flake8' to check Python code syntax and style conventions
[0.481s] -- Configured 'flake8' exclude dirs and/or files: 
[0.481s] -- Added test 'lint_cmake' to check CMake code style
[0.481s] -- Added test 'pep257' to check Python code against some of the docstring style conventions in PEP 257
[0.482s] -- Added test 'xmllint' to check XML markup files
[0.483s] -- Configuring done (0.5s)
[0.484s] -- Generating done (0.0s)
[0.485s] -- Build files have been written to: /home/botforgelabs2/Desktop/QuestEgo/build/openarm_bringup
[0.487s] Invoked command in '/home/botforgelabs2/Desktop/QuestEgo/build/openarm_bringup' returned '0': AMENT_PREFIX_PATH=/home/botforgelabs2/Desktop/QuestEgo/install/openarm_bimanual_moveit_config:/home/botforgelabs2/Desktop/QuestEgo/install/openarm_description:${AMENT_PREFIX_PATH} CMAKE_PREFIX_PATH=/home/botforgelabs2/Desktop/QuestEgo/install/openarm_bimanual_moveit_config:/home/botforgelabs2/Desktop/QuestEgo/install/openarm_description:/opt/ros/jazzy/opt/gz_sim_vendor:/opt/ros/jazzy/opt/gz_sensors_vendor:/opt/ros/jazzy/opt/gz_physics_vendor:/opt/ros/jazzy/opt/sdformat_vendor:/opt/ros/jazzy/opt/gz_gui_vendor:/opt/ros/jazzy/opt/gz_transport_vendor:/opt/ros/jazzy/opt/gz_rendering_vendor:/opt/ros/jazzy/opt/gz_plugin_vendor:/opt/ros/jazzy/opt/gz_fuel_tools_vendor:/opt/ros/jazzy/opt/gz_msgs_vendor:/opt/ros/jazzy/opt/gz_common_vendor:/opt/ros/jazzy/opt/gz_math_vendor:/opt/ros/jazzy/opt/gz_utils_vendor:/opt/ros/jazzy/opt/gz_tools_vendor:/opt/ros/jazzy/opt/gz_ogre_next_vendor:/opt/ros/jazzy/opt/gz_dartsim_vendor:/opt/ros/jazzy/opt/gz_cmake_vendor:/opt/ros/jazzy DEBUGINFOD_URLS=https://debuginfod.ubuntu.com /usr/local/bin/cmake /home/botforgelabs2/Desktop/QuestEgo/src/openarm_bringup -DCMAKE_INSTALL_PREFIX=/home/botforgelabs2/Desktop/QuestEgo/install/openarm_bringup
[0.487s] Invoking command in '/home/botforgelabs2/Desktop/QuestEgo/build/openarm_bringup': AMENT_PREFIX_PATH=/home/botforgelabs2/Desktop/QuestEgo/install/openarm_bimanual_moveit_config:/home/botforgelabs2/Desktop/QuestEgo/install/openarm_description:${AMENT_PREFIX_PATH} CMAKE_PREFIX_PATH=/home/botforgelabs2/Desktop/QuestEgo/install/openarm_bimanual_moveit_config:/home/botforgelabs2/Desktop/QuestEgo/install/openarm_description:/opt/ros/jazzy/opt/gz_sim_vendor:/opt/ros/jazzy/opt/gz_sensors_vendor:/opt/ros/jazzy/opt/gz_physics_vendor:/opt/ros/jazzy/opt/sdformat_vendor:/opt/ros/jazzy/opt/gz_gui_vendor:/opt/ros/jazzy/opt/gz_transport_vendor:/opt/ros/jazzy/opt/gz_rendering_vendor:/opt/ros/jazzy/opt/gz_plugin_vendor:/opt/ros/jazzy/opt/gz_fuel_tools_vendor:/opt/ros/jazzy/opt/gz_msgs_vendor:/opt/ros/jazzy/opt/gz_common_vendor:/opt/ros/jazzy/opt/gz_math_vendor:/opt/ros/jazzy/opt/gz_utils_vendor:/opt/ros/jazzy/opt/gz_tools_vendor:/opt/ros/jazzy/opt/gz_ogre_next_vendor:/opt/ros/jazzy/opt/gz_dartsim_vendor:/opt/ros/jazzy/opt/gz_cmake_vendor:/opt/ros/jazzy DEBUGINFOD_URLS=https://debuginfod.ubuntu.com /usr/local/bin/cmake --build /home/botforgelabs2/Desktop/QuestEgo/build/openarm_bringup -- -j28 -l28
[0.496s] Invoked command in '/home/botforgelabs2/Desktop/QuestEgo/build/openarm_bringup' returned '0': AMENT_PREFIX_PATH=/home/botforgelabs2/Desktop/QuestEgo/install/openarm_bimanual_moveit_config:/home/botforgelabs2/Desktop/QuestEgo/install/openarm_description:${AMENT_PREFIX_PATH} CMAKE_PREFIX_PATH=/home/botforgelabs2/Desktop/QuestEgo/install/openarm_bimanual_moveit_config:/home/botforgelabs2/Desktop/QuestEgo/install/openarm_description:/opt/ros/jazzy/opt/gz_sim_vendor:/opt/ros/jazzy/opt/gz_sensors_vendor:/opt/ros/jazzy/opt/gz_physics_vendor:/opt/ros/jazzy/opt/sdformat_vendor:/opt/ros/jazzy/opt/gz_gui_vendor:/opt/ros/jazzy/opt/gz_transport_vendor:/opt/ros/jazzy/opt/gz_rendering_vendor:/opt/ros/jazzy/opt/gz_plugin_vendor:/opt/ros/jazzy/opt/gz_fuel_tools_vendor:/opt/ros/jazzy/opt/gz_msgs_vendor:/opt/ros/jazzy/opt/gz_common_vendor:/opt/ros/jazzy/opt/gz_math_vendor:/opt/ros/jazzy/opt/gz_utils_vendor:/opt/ros/jazzy/opt/gz_tools_vendor:/opt/ros/jazzy/opt/gz_ogre_next_vendor:/opt/ros/jazzy/opt/gz_dartsim_vendor:/opt/ros/jazzy/opt/gz_cmake_vendor:/opt/ros/jazzy DEBUGINFOD_URLS=https://debuginfod.ubuntu.com /usr/local/bin/cmake --build /home/botforgelabs2/Desktop/QuestEgo/build/openarm_bringup -- -j28 -l28
[0.497s] Invoking command in '/home/botforgelabs2/Desktop/QuestEgo/build/openarm_bringup': AMENT_PREFIX_PATH=/home/botforgelabs2/Desktop/QuestEgo/install/openarm_bimanual_moveit_config:/home/botforgelabs2/Desktop/QuestEgo/install/openarm_description:${AMENT_PREFIX_PATH} CMAKE_PREFIX_PATH=/home/botforgelabs2/Desktop/QuestEgo/install/openarm_bimanual_moveit_config:/home/botforgelabs2/Desktop/QuestEgo/install/openarm_description:/opt/ros/jazzy/opt/gz_sim_vendor:/opt/ros/jazzy/opt/gz_sensors_vendor:/opt/ros/jazzy/opt/gz_physics_vendor:/opt/ros/jazzy/opt/sdformat_vendor:/opt/ros/jazzy/opt/gz_gui_vendor:/opt/ros/jazzy/opt/gz_transport_vendor:/opt/ros/jazzy/opt/gz_rendering_vendor:/opt/ros/jazzy/opt/gz_plugin_vendor:/opt/ros/jazzy/opt/gz_fuel_tools_vendor:/opt/ros/jazzy/opt/gz_msgs_vendor:/opt/ros/jazzy/opt/gz_common_vendor:/opt/ros/jazzy/opt/gz_math_vendor:/opt/ros/jazzy/opt/gz_utils_vendor:/opt/ros/jazzy/opt/gz_tools_vendor:/opt/ros/jazzy/opt/gz_ogre_next_vendor:/opt/ros/jazzy/opt/gz_dartsim_vendor:/opt/ros/jazzy/opt/gz_cmake_vendor:/opt/ros/jazzy DEBUGINFOD_URLS=https://debuginfod.ubuntu.com /usr/local/bin/cmake --install /home/botforgelabs2/Desktop/QuestEgo/build/openarm_bringup
[0.498s] -- Install configuration: ""
[0.498s] -- Installing: /home/botforgelabs2/Desktop/QuestEgo/install/openarm_bringup/share/openarm_bringup/launch
[0.498s] -- Installing: /home/botforgelabs2/Desktop/QuestEgo/install/openarm_bringup/share/openarm_bringup/launch/openarm.bimanual.launch.py
[0.498s] -- Installing: /home/botforgelabs2/Desktop/QuestEgo/install/openarm_bringup/share/openarm_bringup/config
[0.498s] -- Installing: /home/botforgelabs2/Desktop/QuestEgo/install/openarm_bringup/share/openarm_bringup/config/controllers
[0.498s] -- Installing: /home/botforgelabs2/Desktop/QuestEgo/install/openarm_bringup/share/openarm_bringup/config/controllers/openarm_bimanual_controllers.yaml
[0.498s] -- Installing: /home/botforgelabs2/Desktop/QuestEgo/install/openarm_bringup/share/openarm_bringup/config/controllers/openarm_bimanual_moveit_controllers.yaml
[0.498s] -- Installing: /home/botforgelabs2/Desktop/QuestEgo/install/openarm_bringup/share/ament_index/resource_index/package_run_dependencies/openarm_bringup
[0.498s] -- Installing: /home/botforgelabs2/Desktop/QuestEgo/install/openarm_bringup/share/ament_index/resource_index/parent_prefix_path/openarm_bringup
[0.498s] -- Installing: /home/botforgelabs2/Desktop/QuestEgo/install/openarm_bringup/share/openarm_bringup/environment/ament_prefix_path.sh
[0.498s] -- Installing: /home/botforgelabs2/Desktop/QuestEgo/install/openarm_bringup/share/openarm_bringup/environment/ament_prefix_path.dsv
[0.498s] -- Installing: /home/botforgelabs2/Desktop/QuestEgo/install/openarm_bringup/share/openarm_bringup/environment/path.sh
[0.498s] -- Installing: /home/botforgelabs2/Desktop/QuestEgo/install/openarm_bringup/share/openarm_bringup/environment/path.dsv
[0.498s] -- Installing: /home/botforgelabs2/Desktop/QuestEgo/install/openarm_bringup/share/openarm_bringup/local_setup.bash
[0.498s] -- Installing: /home/botforgelabs2/Desktop/QuestEgo/install/openarm_bringup/share/openarm_bringup/local_setup.sh
[0.498s] -- Installing: /home/botforgelabs2/Desktop/QuestEgo/install/openarm_bringup/share/openarm_bringup/local_setup.zsh
[0.498s] -- Installing: /home/botforgelabs2/Desktop/QuestEgo/install/openarm_bringup/share/openarm_bringup/local_setup.dsv
[0.498s] -- Installing: /home/botforgelabs2/Desktop/QuestEgo/install/openarm_bringup/share/openarm_bringup/package.dsv
[0.498s] -- Installing: /home/botforgelabs2/Desktop/QuestEgo/install/openarm_bringup/share/ament_index/resource_index/packages/openarm_bringup
[0.498s] -- Installing: /home/botforgelabs2/Desktop/QuestEgo/install/openarm_bringup/share/openarm_bringup/cmake/openarm_bringupConfig.cmake
[0.498s] -- Installing: /home/botforgelabs2/Desktop/QuestEgo/install/openarm_bringup/share/openarm_bringup/cmake/openarm_bringupConfig-version.cmake
[0.498s] -- Installing: /home/botforgelabs2/Desktop/QuestEgo/install/openarm_bringup/share/openarm_bringup/package.xml
[0.499s] Invoked command in '/home/botforgelabs2/Desktop/QuestEgo/build/openarm_bringup' returned '0': AMENT_PREFIX_PATH=/home/botforgelabs2/Desktop/QuestEgo/install/openarm_bimanual_moveit_config:/home/botforgelabs2/Desktop/QuestEgo/install/openarm_description:${AMENT_PREFIX_PATH} CMAKE_PREFIX_PATH=/home/botforgelabs2/Desktop/QuestEgo/install/openarm_bimanual_moveit_config:/home/botforgelabs2/Desktop/QuestEgo/install/openarm_description:/opt/ros/jazzy/opt/gz_sim_vendor:/opt/ros/jazzy/opt/gz_sensors_vendor:/opt/ros/jazzy/opt/gz_physics_vendor:/opt/ros/jazzy/opt/sdformat_vendor:/opt/ros/jazzy/opt/gz_gui_vendor:/opt/ros/jazzy/opt/gz_transport_vendor:/opt/ros/jazzy/opt/gz_rendering_vendor:/opt/ros/jazzy/opt/gz_plugin_vendor:/opt/ros/jazzy/opt/gz_fuel_tools_vendor:/opt/ros/jazzy/opt/gz_msgs_vendor:/opt/ros/jazzy/opt/gz_common_vendor:/opt/ros/jazzy/opt/gz_math_vendor:/opt/ros/jazzy/opt/gz_utils_vendor:/opt/ros/jazzy/opt/gz_tools_vendor:/opt/ros/jazzy/opt/gz_ogre_next_vendor:/opt/ros/jazzy/opt/gz_dartsim_vendor:/opt/ros/jazzy/opt/gz_cmake_vendor:/opt/ros/jazzy DEBUGINFOD_URLS=https://debuginfod.ubuntu.com /usr/local/bin/cmake --install /home/botforgelabs2/Desktop/QuestEgo/build/openarm_bringup
